running
  '/usr/lib/R/bin/R --slave --no-restore --no-save --no-restore --file=pipeline.R --args main_spatial_scaled_300k'

[1] "Sat Apr 25 17:19:30 2020"
[1] "[START] 2020-04-25 17:19:30"
Loading required package: coda
Linked to JAGS 4.3.0
Loaded modules: basemod,bugs
[1] "model name: main_spatial_scaled_300k"
[1] "config file: ./models/main_spatial_scaled_300k.R"
[1] "util.R loaded successfully."
[1] "Lag (in days): 14"
[1] 2091   40
[1] "Dropped 287 rows for states with <10 total deaths."
[1] 1804   40
[1] "States: 44"
 [1] "alabama"              "arizona"              "arkansas"            
 [4] "california"           "colorado"             "connecticut"         
 [7] "delaware"             "district of columbia" "florida"             
[10] "georgia"              "idaho"                "illinois"            
[13] "indiana"              "iowa"                 "kansas"              
[16] "kentucky"             "louisiana"            "maine"               
[19] "maryland"             "massachusetts"        "michigan"            
[22] "minnesota"            "mississippi"          "missouri"            
[25] "nebraska"             "nevada"               "new hampshire"       
[28] "new jersey"           "new mexico"           "new york"            
[31] "north carolina"       "ohio"                 "oklahoma"            
[34] "oregon"               "pennsylvania"         "rhode island"        
[37] "south carolina"       "tennessee"            "texas"               
[40] "utah"                 "vermont"              "virginia"            
[43] "washington"           "wisconsin"           
[1] "Dropping rows with dates after 2020-03-27"
[1] "Dropped 616 rows."
[1] "Final dataframe is: 1188" "Final dataframe is: 16"  
      Date            FutureDeathsPer100k DaysSince10Deaths  StateName        
 Min.   :2020-03-01   Min.   :-0.27751    -12    : 43       Length:1188       
 1st Qu.:2020-03-07   1st Qu.: 0.00000    -13    : 43       Class :character  
 Median :2020-03-14   Median : 0.03493    -14    : 43       Mode  :character  
 Mean   :2020-03-14   Mean   : 0.16454    -15    : 43                         
 3rd Qu.:2020-03-21   3rd Qu.: 0.14052    -16    : 43                         
 Max.   :2020-03-27   Max.   : 4.10998    -11    : 42                         
                                          (Other):931                         
    StateID        PopDensity         MedianAge       StayAtHome    
 Min.   : 1.00   Min.   :   17.29   Min.   :30.70   Min.   :-41.00  
 1st Qu.:11.75   1st Qu.:   58.22   1st Qu.:37.05   1st Qu.:-22.00  
 Median :22.50   Median :  115.64   Median :38.30   Median :-15.00  
 Mean   :22.50   Mean   :  492.69   Mean   :38.31   Mean   :-14.95  
 3rd Qu.:33.25   3rd Qu.:  263.92   3rd Qu.:39.33   3rd Qu.: -7.00  
 Max.   :44.00   Max.   :11814.54   Max.   :44.60   Max.   :  8.00  
                                                                    
   BizClosure     SchoolClosure     RetailAndRecPctChg GroceryPharmacyPctChg
 Min.   :-41.00   Min.   :-31.000   Min.   :-63.00     Min.   :-37.000      
 1st Qu.:-18.00   1st Qu.: -9.000   1st Qu.:-33.00     1st Qu.: -1.000      
 Median :-11.00   Median : -2.500   Median : -4.00     Median :  7.000      
 Mean   :-11.55   Mean   : -2.568   Mean   :-11.12     Mean   :  5.341      
 3rd Qu.: -4.00   3rd Qu.:  5.000   3rd Qu.:  8.00     3rd Qu.: 13.000      
 Max.   :  8.00   Max.   : 16.000   Max.   : 24.00     Max.   : 48.000      
                                                                            
  ParksPctChg     TransitPctChg    WorkplacesPctChg ResidentialPctChg
 Min.   :-68.00   Min.   :-75.00   Min.   :-67.00   Min.   :-5.000   
 1st Qu.: -1.00   1st Qu.:-29.00   1st Qu.:-32.00   1st Qu.: 0.000   
 Median : 20.00   Median : -6.00   Median : -6.00   Median : 3.000   
 Mean   : 22.47   Mean   :-13.16   Mean   :-15.31   Mean   : 6.557   
 3rd Qu.: 42.00   3rd Qu.:  4.00   3rd Qu.:  2.00   3rd Qu.:13.000   
 Max.   :187.00   Max.   : 32.00   Max.   : 18.00   Max.   :28.000   
                                                                     
Loading required package: methods
Loading required package: sp
Loading required package: spData
To access larger datasets in this package, install the spDataLarge
package with: `install.packages('spDataLarge',
repos='https://nowosad.github.io/drat/', type='source')`
Loading required package: sf
Linking to GEOS 3.6.2, GDAL 2.2.3, PROJ 4.9.3
Checking rgeos availability: TRUE
  DaysSince10Deaths PopDensity MedianAge StayAtHome BizClosure SchoolClosure
1                24    96.9221      38.9        -34        -26           -16
2                22    96.9221      38.9        -33        -25           -15
3                21    96.9221      38.9        -32        -24           -14
4                20    96.9221      38.9        -31        -23           -13
5                19    96.9221      38.9        -30        -22           -12
6                18    96.9221      38.9        -29        -21           -11
  RetailAndRecPctChg GroceryPharmacyPctChg ParksPctChg TransitPctChg
1                 16                    10          53            21
2                  8                     4          -2             5
3                 20                    15          33             5
4                  7                     0          -8             2
5                  7                     6           0             4
6                  9                     4          29            10
  WorkplacesPctChg ResidentialPctChg
1                4                -2
2                2                 0
3                2                -1
4                0                 1
5                2                 1
6                2                -1
[1] "description: Main Model - All predictors scaled"
[1] "model_string: 3"
[1] "thin: 3"
[1] "burnin: 50000"
[1] "n.iter: 3e+05"
[1] "params: beta"  "params: sig"   "params: tau_y"
[1] "Instantiating model..."
Compiling model graph
   Resolving undeclared variables
   Allocating nodes
Graph information:
   Observed stochastic nodes: 1188
   Unobserved stochastic nodes: 16
   Total graph size: 24611

Initializing model

[1] "Burn-in for 50000 iterations..."
[1] "Burn-in complete"
[1] "Sampling for 3e+05 iterations..."
[1] "/home/ubuntu/covid19-project"
[1] "Saving model, samples to: ./out/main_spatial_scaled_300k.RData"
[1] "RData file saved."

Iterations = 301003:601000
Thinning interval = 3 
Number of chains = 2 
Sample size per chain = 1e+05 

1. Empirical mean and standard deviation for each variable,
   plus standard error of the mean:

              Mean       SD  Naive SE Time-series SE
beta[1]   0.097541 0.010279 2.298e-05      2.705e-05
beta[2]  -0.013691 0.057144 1.278e-04      7.475e-04
beta[3]  -0.002534 0.046253 1.034e-04      4.925e-04
beta[4]   0.040382 0.059556 1.332e-04      8.104e-04
beta[5]   0.078432 0.103990 2.325e-04      2.434e-03
beta[6]  -0.160976 0.101410 2.268e-04      2.352e-03
beta[7]   0.006270 0.034896 7.803e-05      2.290e-04
beta[8]   0.009622 0.013054 2.919e-05      5.275e-05
beta[9]   0.033388 0.010818 2.419e-05      5.203e-05
beta[10] -0.119983 0.033818 7.562e-05      2.189e-04
beta[11]  0.102151 0.053233 1.190e-04      5.986e-04
beta[12]  0.195479 0.052827 1.181e-04      5.934e-04
sig[1]    0.274006 0.005753 1.286e-05      1.302e-05
sig[2]    0.500929 0.063536 1.421e-04      2.960e-04
tau_y    13.336826 0.559523 1.251e-03      1.266e-03

2. Quantiles for each variable:

              2.5%       5%       50%       95%    97.5%
beta[1]   0.077462  0.08063  0.097538  0.114433  0.11769
beta[2]  -0.125277 -0.10658 -0.013952  0.080351  0.09985
beta[3]  -0.092786 -0.07786 -0.002695  0.073251  0.08891
beta[4]  -0.078474 -0.05772  0.040799  0.137030  0.15638
beta[5]  -0.129662 -0.09351  0.079470  0.248649  0.28317
beta[6]  -0.358312 -0.32568 -0.161321  0.005683  0.03962
beta[7]  -0.062164 -0.05108  0.006282  0.063725  0.07469
beta[8]  -0.016027 -0.01188  0.009618  0.031133  0.03532
beta[9]   0.012263  0.01561  0.033393  0.051208  0.05459
beta[10] -0.186354 -0.17563 -0.119945 -0.064459 -0.05374
beta[11] -0.001923  0.01474  0.102062  0.189699  0.20702
beta[12]  0.092451  0.10904  0.195465  0.282358  0.29930
sig[1]    0.263036  0.26471  0.273906  0.283635  0.28554
sig[2]    0.393700  0.40769  0.495073  0.614128  0.64189
tau_y    12.264552 12.43023 13.328962 14.271514 14.45339

[1] "ESS:"
   beta[1]    beta[2]    beta[3]    beta[4]    beta[5]    beta[6]    beta[7] 
144441.995   5850.172   8833.351   5400.601   1826.694   1862.519  23214.474 
   beta[8]    beta[9]   beta[10]   beta[11]   beta[12]     sig[1]     sig[2] 
 61275.747  43235.471  23875.589   7907.323   7925.423 195268.731  46208.294 
     tau_y 
195334.699 
[1] "Gelman Diagnostic:"
Potential scale reduction factors:

         Point est. Upper C.I.
beta[1]           1       1.00
beta[2]           1       1.00
beta[3]           1       1.00
beta[4]           1       1.00
beta[5]           1       1.01
beta[6]           1       1.01
beta[7]           1       1.00
beta[8]           1       1.00
beta[9]           1       1.00
beta[10]          1       1.00
beta[11]          1       1.00
beta[12]          1       1.00
sig[1]            1       1.00
sig[2]            1       1.00
tau_y             1       1.00

Multivariate psrf

1
[1] "Computing DIC ... ( thin = 3 )"
Mean deviance:  292.4 
penalty 51.19 
Penalized deviance: 343.6 
[1] "Computing WAIC / Pw ..."
Error in jags.samples(model, variable.names, n.iter, thin, type = "trace",  : 
  No valid monitors set
Calls: evalmodel -> waic -> coda.samples -> jags.samples
In addition: Warning message:
In FUN(X[[i]], ...) : Failed to set trace monitor for like
Variable like not found

Execution halted
