running
  '/usr/lib/R/bin/R --slave --no-restore --no-save --no-restore --file=pipeline.R --args main_spatial_only_non_mobility_300k_nodays'

[1] "Sun Apr 26 01:16:05 2020"
[1] "[START] 2020-04-26 01:16:05"
Loading required package: coda
Linked to JAGS 4.3.0
Loaded modules: basemod,bugs
[1] "model name: main_spatial_only_non_mobility_300k_nodays"
[1] "config file: ./models/main_spatial_only_non_mobility_300k_nodays.R"
[1] "util.R loaded successfully."
[1] "Lag (in days): 14"
[1] 2091   40
[1] "Dropped 287 rows for states with <10 total deaths."
[1] 1804   40
[1] "States: 44"
 [1] "alabama"              "arizona"              "arkansas"            
 [4] "california"           "colorado"             "connecticut"         
 [7] "delaware"             "district of columbia" "florida"             
[10] "georgia"              "idaho"                "illinois"            
[13] "indiana"              "iowa"                 "kansas"              
[16] "kentucky"             "louisiana"            "maine"               
[19] "maryland"             "massachusetts"        "michigan"            
[22] "minnesota"            "mississippi"          "missouri"            
[25] "nebraska"             "nevada"               "new hampshire"       
[28] "new jersey"           "new mexico"           "new york"            
[31] "north carolina"       "ohio"                 "oklahoma"            
[34] "oregon"               "pennsylvania"         "rhode island"        
[37] "south carolina"       "tennessee"            "texas"               
[40] "utah"                 "vermont"              "virginia"            
[43] "washington"           "wisconsin"           
[1] "Dropping rows with dates after 2020-03-27"
[1] "Dropped 616 rows."
[1] "Final dataframe is: 1188" "Final dataframe is: 16"  
      Date            FutureDeathsPer100k DaysSince10Deaths  StateName        
 Min.   :2020-03-01   Min.   :-0.27751    -12    : 43       Length:1188       
 1st Qu.:2020-03-07   1st Qu.: 0.00000    -13    : 43       Class :character  
 Median :2020-03-14   Median : 0.03493    -14    : 43       Mode  :character  
 Mean   :2020-03-14   Mean   : 0.16454    -15    : 43                         
 3rd Qu.:2020-03-21   3rd Qu.: 0.14052    -16    : 43                         
 Max.   :2020-03-27   Max.   : 4.10998    -11    : 42                         
                                          (Other):931                         
    StateID        PopDensity         MedianAge       StayAtHome    
 Min.   : 1.00   Min.   :   17.29   Min.   :30.70   Min.   :-41.00  
 1st Qu.:11.75   1st Qu.:   58.22   1st Qu.:37.05   1st Qu.:-22.00  
 Median :22.50   Median :  115.64   Median :38.30   Median :-15.00  
 Mean   :22.50   Mean   :  492.69   Mean   :38.31   Mean   :-14.95  
 3rd Qu.:33.25   3rd Qu.:  263.92   3rd Qu.:39.33   3rd Qu.: -7.00  
 Max.   :44.00   Max.   :11814.54   Max.   :44.60   Max.   :  8.00  
                                                                    
   BizClosure     SchoolClosure     RetailAndRecPctChg GroceryPharmacyPctChg
 Min.   :-41.00   Min.   :-31.000   Min.   :-63.00     Min.   :-37.000      
 1st Qu.:-18.00   1st Qu.: -9.000   1st Qu.:-33.00     1st Qu.: -1.000      
 Median :-11.00   Median : -2.500   Median : -4.00     Median :  7.000      
 Mean   :-11.55   Mean   : -2.568   Mean   :-11.12     Mean   :  5.341      
 3rd Qu.: -4.00   3rd Qu.:  5.000   3rd Qu.:  8.00     3rd Qu.: 13.000      
 Max.   :  8.00   Max.   : 16.000   Max.   : 24.00     Max.   : 48.000      
                                                                            
  ParksPctChg     TransitPctChg    WorkplacesPctChg ResidentialPctChg
 Min.   :-68.00   Min.   :-75.00   Min.   :-67.00   Min.   :-5.000   
 1st Qu.: -1.00   1st Qu.:-29.00   1st Qu.:-32.00   1st Qu.: 0.000   
 Median : 20.00   Median : -6.00   Median : -6.00   Median : 3.000   
 Mean   : 22.47   Mean   :-13.16   Mean   :-15.31   Mean   : 6.557   
 3rd Qu.: 42.00   3rd Qu.:  4.00   3rd Qu.:  2.00   3rd Qu.:13.000   
 Max.   :187.00   Max.   : 32.00   Max.   : 18.00   Max.   :28.000   
                                                                     
Loading required package: methods
Loading required package: sp
Loading required package: spData
To access larger datasets in this package, install the spDataLarge
package with: `install.packages('spDataLarge',
repos='https://nowosad.github.io/drat/', type='source')`
Loading required package: sf
Linking to GEOS 3.6.2, GDAL 2.2.3, PROJ 4.9.3
Checking rgeos availability: TRUE
  PopDensity MedianAge StayAtHome BizClosure SchoolClosure
1    96.9221      38.9        -34        -26           -16
2    96.9221      38.9        -33        -25           -15
3    96.9221      38.9        -32        -24           -14
4    96.9221      38.9        -31        -23           -13
5    96.9221      38.9        -30        -22           -12
6    96.9221      38.9        -29        -21           -11
[1] "------------------- X: ----------------------"
  PopDensity MedianAge StayAtHome BizClosure SchoolClosure
1 -0.2263226 0.2476535  -1.911308  -1.539368    -1.5215157
2 -0.2263226 0.2476535  -1.810953  -1.432871    -1.4082387
3 -0.2263226 0.2476535  -1.710598  -1.326374    -1.2949618
4 -0.2263226 0.2476535  -1.610243  -1.219877    -1.1816848
5 -0.2263226 0.2476535  -1.509888  -1.113379    -1.0684078
6 -0.2263226 0.2476535  -1.409532  -1.006882    -0.9551308
[1] "description: No mobility indicators and no DaysSince10Deaths"
[1] "model_string: 3"
[1] "thin: 3"
[1] "burnin: 50000"
[1] "n.iter: 3e+05"
[1] "params: beta"  "params: sig"   "params: tau_y"
[1] "Instantiating model..."
Compiling model graph
   Resolving undeclared variables
   Allocating nodes
Graph information:
   Observed stochastic nodes: 1188
   Unobserved stochastic nodes: 9
   Total graph size: 17476

Initializing model

[1] "Burn-in for 50000 iterations..."
[1] "Burn-in complete"
[1] "Sampling for 3e+05 iterations..."
[1] "/home/ubuntu/covid19-project"
[1] "Saving model, samples to: ./out/main_spatial_only_non_mobility_300k_nodays.RData"
[1] "RData file saved."

Iterations = 301003:601000
Thinning interval = 3 
Number of chains = 2 
Sample size per chain = 1e+05 

1. Empirical mean and standard deviation for each variable,
   plus standard error of the mean:

             Mean       SD  Naive SE Time-series SE
beta[1] -0.003363 0.060593 1.355e-04      7.728e-04
beta[2] -0.037636 0.049496 1.107e-04      5.178e-04
beta[3]  0.128318 0.063535 1.421e-04      8.556e-04
beta[4]  0.108248 0.109858 2.457e-04      2.485e-03
beta[5] -0.045203 0.106049 2.371e-04      2.451e-03
sig[1]   0.300671 0.006288 1.406e-05      1.406e-05
sig[2]   0.536104 0.067677 1.513e-04      2.933e-04
tau_y   11.076111 0.462882 1.035e-03      1.035e-03

2. Quantiles for each variable:

             2.5%       5%       50%      95%   97.5%
beta[1] -0.122296 -0.10214 -0.003335  0.09606  0.1157
beta[2] -0.134978 -0.11833 -0.037851  0.04337  0.0603
beta[3]  0.003071  0.02325  0.128545  0.23242  0.2526
beta[4] -0.108493 -0.07256  0.108024  0.29047  0.3289
beta[5] -0.255807 -0.22050 -0.045080  0.12824  0.1631
sig[1]   0.288648  0.29051  0.300568  0.31116  0.3133
sig[2]   0.421750  0.43668  0.529829  0.65685  0.6860
tau_y   10.187031 10.32853 11.069184 11.84909 12.0023

[1] "ESS:"
   beta[1]    beta[2]    beta[3]    beta[4]    beta[5]     sig[1]     sig[2] 
  6148.473   9138.924   5519.098   1974.860   1891.669 200000.000  53520.320 
     tau_y 
200000.000 
[1] "Gelman Diagnostic:"
Potential scale reduction factors:

        Point est. Upper C.I.
beta[1]          1          1
beta[2]          1          1
beta[3]          1          1
beta[4]          1          1
beta[5]          1          1
sig[1]           1          1
sig[2]           1          1
tau_y            1          1

Multivariate psrf

1
[1] "Computing DIC ... ( thin = 3 )"
Mean deviance:  513.4 
penalty 44.19 
Penalized deviance: 557.6 
[1] "Computing WAIC / Pw ..."
[1] "571.186842485126 55.1930666584798"
[1] "[FINISH] 2020-04-26 04:42:51"
