running
  '/usr/lib/R/bin/R --slave --no-restore --no-save --no-restore --file=pipeline.R --args main_nonspatial_nodays'

[1] "Sun Apr 26 01:15:45 2020"
[1] "[START] 2020-04-26 01:15:45"
Loading required package: coda
Linked to JAGS 4.3.0
Loaded modules: basemod,bugs
[1] "model name: main_nonspatial_nodays"
[1] "config file: ./models/main_nonspatial_nodays.R"
[1] "util.R loaded successfully."
[1] "Lag (in days): 14"
[1] 2091   40
[1] "Dropped 287 rows for states with <10 total deaths."
[1] 1804   40
[1] "States: 44"
 [1] "alabama"              "arizona"              "arkansas"            
 [4] "california"           "colorado"             "connecticut"         
 [7] "delaware"             "district of columbia" "florida"             
[10] "georgia"              "idaho"                "illinois"            
[13] "indiana"              "iowa"                 "kansas"              
[16] "kentucky"             "louisiana"            "maine"               
[19] "maryland"             "massachusetts"        "michigan"            
[22] "minnesota"            "mississippi"          "missouri"            
[25] "nebraska"             "nevada"               "new hampshire"       
[28] "new jersey"           "new mexico"           "new york"            
[31] "north carolina"       "ohio"                 "oklahoma"            
[34] "oregon"               "pennsylvania"         "rhode island"        
[37] "south carolina"       "tennessee"            "texas"               
[40] "utah"                 "vermont"              "virginia"            
[43] "washington"           "wisconsin"           
[1] "Dropping rows with dates after 2020-03-27"
[1] "Dropped 616 rows."
[1] "Final dataframe is: 1188" "Final dataframe is: 16"  
      Date            FutureDeathsPer100k DaysSince10Deaths  StateName        
 Min.   :2020-03-01   Min.   :-0.27751    -12    : 43       Length:1188       
 1st Qu.:2020-03-07   1st Qu.: 0.00000    -13    : 43       Class :character  
 Median :2020-03-14   Median : 0.03493    -14    : 43       Mode  :character  
 Mean   :2020-03-14   Mean   : 0.16454    -15    : 43                         
 3rd Qu.:2020-03-21   3rd Qu.: 0.14052    -16    : 43                         
 Max.   :2020-03-27   Max.   : 4.10998    -11    : 42                         
                                          (Other):931                         
    StateID        PopDensity         MedianAge       StayAtHome    
 Min.   : 1.00   Min.   :   17.29   Min.   :30.70   Min.   :-41.00  
 1st Qu.:11.75   1st Qu.:   58.22   1st Qu.:37.05   1st Qu.:-22.00  
 Median :22.50   Median :  115.64   Median :38.30   Median :-15.00  
 Mean   :22.50   Mean   :  492.69   Mean   :38.31   Mean   :-14.95  
 3rd Qu.:33.25   3rd Qu.:  263.92   3rd Qu.:39.33   3rd Qu.: -7.00  
 Max.   :44.00   Max.   :11814.54   Max.   :44.60   Max.   :  8.00  
                                                                    
   BizClosure     SchoolClosure     RetailAndRecPctChg GroceryPharmacyPctChg
 Min.   :-41.00   Min.   :-31.000   Min.   :-63.00     Min.   :-37.000      
 1st Qu.:-18.00   1st Qu.: -9.000   1st Qu.:-33.00     1st Qu.: -1.000      
 Median :-11.00   Median : -2.500   Median : -4.00     Median :  7.000      
 Mean   :-11.55   Mean   : -2.568   Mean   :-11.12     Mean   :  5.341      
 3rd Qu.: -4.00   3rd Qu.:  5.000   3rd Qu.:  8.00     3rd Qu.: 13.000      
 Max.   :  8.00   Max.   : 16.000   Max.   : 24.00     Max.   : 48.000      
                                                                            
  ParksPctChg     TransitPctChg    WorkplacesPctChg ResidentialPctChg
 Min.   :-68.00   Min.   :-75.00   Min.   :-67.00   Min.   :-5.000   
 1st Qu.: -1.00   1st Qu.:-29.00   1st Qu.:-32.00   1st Qu.: 0.000   
 Median : 20.00   Median : -6.00   Median : -6.00   Median : 3.000   
 Mean   : 22.47   Mean   :-13.16   Mean   :-15.31   Mean   : 6.557   
 3rd Qu.: 42.00   3rd Qu.:  4.00   3rd Qu.:  2.00   3rd Qu.:13.000   
 Max.   :187.00   Max.   : 32.00   Max.   : 18.00   Max.   :28.000   
                                                                     
[1] "------------------- X: ----------------------"
  PopDensity MedianAge StayAtHome BizClosure SchoolClosure RetailAndRecPctChg
1    96.9221      38.9        -34        -26           -16                 16
2    96.9221      38.9        -33        -25           -15                  8
3    96.9221      38.9        -32        -24           -14                 20
4    96.9221      38.9        -31        -23           -13                  7
5    96.9221      38.9        -30        -22           -12                  7
6    96.9221      38.9        -29        -21           -11                  9
  GroceryPharmacyPctChg ParksPctChg TransitPctChg WorkplacesPctChg
1                    10          53            21                4
2                     4          -2             5                2
3                    15          33             5                2
4                     0          -8             2                0
5                     6           0             4                2
6                     4          29            10                2
  ResidentialPctChg
1                -2
2                 0
3                -1
4                 1
5                 1
6                -1
[1] "description: Main Model: Drop DaysSince10Deaths; non-spatial w/ random effect for state"
[1] "model_string: 3"
[1] "thin: 3"
[1] "burnin: 1e+05"
[1] "n.iter: 3e+05"
[1] "params: beta"  "params: sig"   "params: S"     "params: tau_s"
[5] "params: tau_y"
[1] "Instantiating model..."
Compiling model graph
   Resolving undeclared variables
   Allocating nodes
Graph information:
   Observed stochastic nodes: 1188
   Unobserved stochastic nodes: 57
   Total graph size: 20265

Initializing model

[1] "Burn-in for 1e+05 iterations..."
[1] "Burn-in complete"
[1] "Sampling for 3e+05 iterations..."
[1] "/home/ubuntu/covid19-project"
[1] "Saving model, samples to: ./out/main_nonspatial_nodays.RData"
[1] "RData file saved."

Iterations = 300003:6e+05
Thinning interval = 3 
Number of chains = 2 
Sample size per chain = 1e+05 

1. Empirical mean and standard deviation for each variable,
   plus standard error of the mean:

               Mean        SD  Naive SE Time-series SE
S[1]      3.955e-02 0.0749208 1.675e-04      7.654e-04
S[2]      2.135e-04 0.0843942 1.887e-04      1.322e-03
S[3]      2.780e-02 0.1187134 2.655e-04      2.432e-03
S[4]     -2.820e-01 0.0864337 1.933e-04      1.638e-03
S[5]     -1.074e-01 0.0697878 1.561e-04      6.137e-04
S[6]      2.483e-01 0.0696221 1.557e-04      4.842e-04
S[7]     -9.452e-02 0.0697873 1.560e-04      5.354e-04
S[8]     -5.469e-02 0.2513953 5.621e-04      2.216e-03
S[9]     -4.121e-02 0.0925113 2.069e-04      1.615e-03
S[10]     7.179e-03 0.0788865 1.764e-04      1.124e-03
S[11]    -9.457e-02 0.1546462 3.458e-04      3.940e-03
S[12]    -4.387e-02 0.0705813 1.578e-04      7.763e-04
S[13]    -8.905e-03 0.0820480 1.835e-04      1.428e-03
S[14]     5.633e-02 0.1129015 2.525e-04      2.173e-03
S[15]    -7.823e-03 0.0738559 1.651e-04      9.425e-04
S[16]    -5.315e-02 0.0693235 1.550e-04      6.675e-04
S[17]     4.824e-01 0.0681349 1.524e-04      5.112e-04
S[18]    -3.296e-01 0.1668667 3.731e-04      4.679e-03
S[19]    -1.603e-01 0.0715235 1.599e-04      7.376e-04
S[20]    -2.650e-02 0.0720258 1.611e-04      6.520e-04
S[21]     2.405e-01 0.0725988 1.623e-04      8.663e-04
S[22]    -1.672e-01 0.0732156 1.637e-04      7.759e-04
S[23]     9.994e-02 0.0724779 1.621e-04      6.272e-04
S[24]    -4.458e-02 0.0755098 1.688e-04      7.786e-04
S[25]    -1.774e-01 0.0846222 1.892e-04      5.641e-04
S[26]    -6.991e-02 0.0917327 2.051e-04      1.758e-03
S[27]    -1.006e-01 0.0700381 1.566e-04      5.275e-04
S[28]     3.846e-01 0.0841493 1.882e-04      1.294e-03
S[29]     1.699e-02 0.0723690 1.618e-04      6.445e-04
S[30]     1.086e+00 0.0823000 1.840e-04      1.406e-03
S[31]    -5.605e-02 0.0741881 1.659e-04      7.241e-04
S[32]    -3.423e-02 0.0700817 1.567e-04      5.169e-04
S[33]     2.912e-02 0.0709264 1.586e-04      6.791e-04
S[34]    -1.821e-01 0.0777139 1.738e-04      1.168e-03
S[35]    -7.171e-02 0.0933237 2.087e-04      1.746e-03
S[36]    -1.374e-01 0.0819599 1.833e-04      1.133e-03
S[37]     1.086e-01 0.0953562 2.132e-04      1.493e-03
S[38]     1.602e-03 0.0780630 1.746e-04      1.021e-03
S[39]    -8.690e-02 0.0728328 1.629e-04      7.801e-04
S[40]     2.798e-04 0.1286035 2.876e-04      2.709e-03
S[41]    -5.603e-02 0.0733783 1.641e-04      7.400e-04
S[42]    -9.558e-02 0.0718591 1.607e-04      6.447e-04
S[43]    -7.606e-02 0.0704444 1.575e-04      6.043e-04
S[44]    -1.444e-01 0.0757674 1.694e-04      1.054e-03
beta[1]  -7.147e-06 0.0000228 5.098e-08      2.128e-07
beta[2]   1.543e-03 0.0028280 6.324e-06      7.032e-05
beta[3]   5.403e-03 0.0070416 1.575e-05      1.870e-04
beta[4]   4.843e-03 0.0102404 2.290e-05      3.266e-04
beta[5]  -1.739e-02 0.0093456 2.090e-05      2.381e-04
beta[6]   1.845e-03 0.0016446 3.677e-06      1.283e-05
beta[7]  -1.227e-03 0.0010291 2.301e-06      6.178e-06
beta[8]   1.117e-03 0.0003245 7.255e-07      2.075e-06
beta[9]  -7.529e-03 0.0015945 3.566e-06      1.190e-05
beta[10]  6.539e-03 0.0029251 6.541e-06      4.412e-05
beta[11]  3.102e-02 0.0068701 1.536e-05      1.022e-04
sig[1]    2.842e-01 0.0059778 1.337e-05      1.363e-05
sig[2]    2.526e-01 0.0304746 6.814e-05      1.644e-04
tau_s     1.635e+01 3.8508973 8.611e-03      1.973e-02
tau_y     1.240e+01 0.5212105 1.165e-03      1.189e-03

2. Quantiles for each variable:

               2.5%         5%        50%        95%      97.5%
S[1]     -0.1073401 -8.357e-02  3.946e-02  1.629e-01  1.865e-01
S[2]     -0.1649625 -1.383e-01 -1.014e-04  1.394e-01  1.664e-01
S[3]     -0.2074082 -1.680e-01  2.846e-02  2.221e-01  2.587e-01
S[4]     -0.4529966 -4.248e-01 -2.814e-01 -1.409e-01 -1.135e-01
S[5]     -0.2449294 -2.223e-01 -1.073e-01  6.939e-03  2.883e-02
S[6]      0.1125073  1.344e-01  2.479e-01  3.632e-01  3.857e-01
S[7]     -0.2315888 -2.095e-01 -9.444e-02  2.022e-02  4.191e-02
S[8]     -0.5474685 -4.660e-01 -5.524e-02  3.588e-01  4.398e-01
S[9]     -0.2225331 -1.930e-01 -4.144e-02  1.109e-01  1.410e-01
S[10]    -0.1483434 -1.230e-01  7.418e-03  1.366e-01  1.612e-01
S[11]    -0.3986034 -3.469e-01 -9.561e-02  1.607e-01  2.116e-01
S[12]    -0.1819894 -1.599e-01 -4.400e-02  7.200e-02  9.500e-02
S[13]    -0.1712450 -1.438e-01 -8.651e-03  1.254e-01  1.512e-01
S[14]    -0.1667405 -1.297e-01  5.662e-02  2.411e-01  2.765e-01
S[15]    -0.1528341 -1.295e-01 -7.509e-03  1.133e-01  1.363e-01
S[16]    -0.1895700 -1.676e-01 -5.307e-02  6.032e-02  8.243e-02
S[17]     0.3496432  3.709e-01  4.821e-01  5.947e-01  6.167e-01
S[18]    -0.6670878 -6.083e-01 -3.271e-01 -5.979e-02 -8.455e-03
S[19]    -0.3015816 -2.786e-01 -1.599e-01 -4.318e-02 -2.046e-02
S[20]    -0.1678354 -1.452e-01 -2.655e-02  9.192e-02  1.149e-01
S[21]     0.0983501  1.213e-01  2.404e-01  3.601e-01  3.832e-01
S[22]    -0.3108120 -2.874e-01 -1.674e-01 -4.684e-02 -2.297e-02
S[23]    -0.0416459 -1.867e-02  9.968e-02  2.194e-01  2.429e-01
S[24]    -0.1929573 -1.688e-01 -4.468e-02  7.917e-02  1.038e-01
S[25]    -0.3441061 -3.169e-01 -1.772e-01 -3.852e-02 -1.207e-02
S[26]    -0.2514097 -2.220e-01 -6.932e-02  8.005e-02  1.082e-01
S[27]    -0.2379505 -2.157e-01 -1.005e-01  1.449e-02  3.718e-02
S[28]     0.2197298  2.470e-01  3.843e-01  5.232e-01  5.510e-01
S[29]    -0.1247623 -1.020e-01  1.674e-02  1.359e-01  1.593e-01
S[30]     0.9262912  9.523e-01  1.086e+00  1.223e+00  1.249e+00
S[31]    -0.2015552 -1.780e-01 -5.602e-02  6.614e-02  8.971e-02
S[32]    -0.1721996 -1.494e-01 -3.430e-02  8.062e-02  1.036e-01
S[33]    -0.1099846 -8.717e-02  2.888e-02  1.456e-01  1.687e-01
S[34]    -0.3355682 -3.102e-01 -1.817e-01 -5.478e-02 -3.039e-02
S[35]    -0.2563052 -2.260e-01 -7.131e-02  8.118e-02  1.103e-01
S[36]    -0.2981218 -2.719e-01 -1.378e-01 -2.844e-03  2.301e-02
S[37]    -0.0769637 -4.694e-02  1.084e-01  2.657e-01  2.973e-01
S[38]    -0.1516013 -1.266e-01  1.515e-03  1.301e-01  1.550e-01
S[39]    -0.2300048 -2.067e-01 -8.705e-02  3.274e-02  5.555e-02
S[40]    -0.2537190 -2.105e-01 -2.515e-06  2.113e-01  2.526e-01
S[41]    -0.1995490 -1.766e-01 -5.600e-02  6.445e-02  8.799e-02
S[42]    -0.2365361 -2.137e-01 -9.545e-02  2.270e-02  4.524e-02
S[43]    -0.2142966 -1.918e-01 -7.609e-02  3.978e-02  6.212e-02
S[44]    -0.2940610 -2.691e-01 -1.443e-01 -2.029e-02  3.224e-03
beta[1]  -0.0000521 -4.462e-05 -6.997e-06  3.006e-05  3.734e-05
beta[2]  -0.0040050 -3.073e-03  1.528e-03  6.219e-03  7.140e-03
beta[3]  -0.0085808 -6.219e-03  5.432e-03  1.687e-02  1.913e-02
beta[4]  -0.0151459 -1.189e-02  4.688e-03  2.181e-02  2.523e-02
beta[5]  -0.0362585 -3.314e-02 -1.725e-02 -2.287e-03  8.072e-04
beta[6]  -0.0013788 -8.648e-04  1.848e-03  4.539e-03  5.057e-03
beta[7]  -0.0032434 -2.923e-03 -1.226e-03  4.643e-04  7.905e-04
beta[8]   0.0004820  5.861e-04  1.116e-03  1.650e-03  1.752e-03
beta[9]  -0.0106509 -1.014e-02 -7.534e-03 -4.896e-03 -4.392e-03
beta[10]  0.0008226  1.733e-03  6.538e-03  1.133e-02  1.222e-02
beta[11]  0.0175503  1.971e-02  3.101e-02  4.234e-02  4.440e-02
sig[1]    0.2727453  2.745e-01  2.841e-01  2.942e-01  2.962e-01
sig[2]    0.2007498  2.076e-01  2.498e-01  3.068e-01  3.199e-01
tau_s     9.7696717  1.063e+01  1.603e+01  2.320e+01  2.481e+01
tau_y    11.4009145  1.156e+01  1.239e+01  1.327e+01  1.344e+01

[1] "ESS:"
       S[1]        S[2]        S[3]        S[4]        S[5]        S[6] 
  9591.1830   4077.7552   2382.5159   2784.7984  12929.1434  20689.0237 
       S[7]        S[8]        S[9]       S[10]       S[11]       S[12] 
 16986.6467  12863.2716   3282.2527   4928.8143   1548.3415   8267.2213 
      S[13]       S[14]       S[15]       S[16]       S[17]       S[18] 
  3302.8147   2704.1689   6143.2577  10820.5692  17782.4966   1272.4518 
      S[19]       S[20]       S[21]       S[22]       S[23]       S[24] 
  9406.4475  12201.7264   7022.3410   8922.4963  13349.0223   9417.2195 
      S[25]       S[26]       S[27]       S[28]       S[29]       S[30] 
 22510.7962   2722.7141  17642.3511   4230.5816  12628.2732   3440.1493 
      S[31]       S[32]       S[33]       S[34]       S[35]       S[36] 
 10518.0041  18441.5154  10909.7378   4429.8344   2860.2375   5249.9078 
      S[37]       S[38]       S[39]       S[40]       S[41]       S[42] 
  4081.8714   5846.4844   8716.8035   2257.3245   9836.0705  12460.2569 
      S[43]       S[44]     beta[1]     beta[2]     beta[3]     beta[4] 
 13613.4270   5170.1227  11478.6123   1619.7862   1436.9298    991.0814 
    beta[5]     beta[6]     beta[7]     beta[8]     beta[9]    beta[10] 
  1545.5485  16446.0679  27745.4375  24457.0958  17950.2760   4398.5599 
   beta[11]      sig[1]      sig[2]       tau_s       tau_y 
  4516.4957 192703.5787  34379.1472  38106.1566 192595.0731 
[1] "Gelman Diagnostic:"
Potential scale reduction factors:

         Point est. Upper C.I.
S[1]              1          1
S[2]              1          1
S[3]              1          1
S[4]              1          1
S[5]              1          1
S[6]              1          1
S[7]              1          1
S[8]              1          1
S[9]              1          1
S[10]             1          1
S[11]             1          1
S[12]             1          1
S[13]             1          1
S[14]             1          1
S[15]             1          1
S[16]             1          1
S[17]             1          1
S[18]             1          1
S[19]             1          1
S[20]             1          1
S[21]             1          1
S[22]             1          1
S[23]             1          1
S[24]             1          1
S[25]             1          1
S[26]             1          1
S[27]             1          1
S[28]             1          1
S[29]             1          1
S[30]             1          1
S[31]             1          1
S[32]             1          1
S[33]             1          1
S[34]             1          1
S[35]             1          1
S[36]             1          1
S[37]             1          1
S[38]             1          1
S[39]             1          1
S[40]             1          1
S[41]             1          1
S[42]             1          1
S[43]             1          1
S[44]             1          1
beta[1]           1          1
beta[2]           1          1
beta[3]           1          1
beta[4]           1          1
beta[5]           1          1
beta[6]           1          1
beta[7]           1          1
beta[8]           1          1
beta[9]           1          1
beta[10]          1          1
beta[11]          1          1
sig[1]            1          1
sig[2]            1          1
tau_s             1          1
tau_y             1          1

Multivariate psrf

1
[1] "Computing DIC ... ( thin = 3 )"
Mean deviance:  379 
penalty 50.11 
Penalized deviance: 429.1 
[1] "Computing WAIC / Pw ..."
[1] "442.743479075884 60.4663049803317"
[1] "[FINISH] 2020-04-26 02:21:58"
