running
  '/usr/lib/R/bin/R --slave --no-restore --no-save --no-restore --file=pipeline.R --args main_nonspatial'

[1] "Sat Apr 25 18:22:04 2020"
[1] "[START] 2020-04-25 18:22:04"
Loading required package: coda
Linked to JAGS 4.3.0
Loaded modules: basemod,bugs
[1] "model name: main_nonspatial"
[1] "config file: ./models/main_nonspatial.R"
[1] "util.R loaded successfully."
[1] "Lag (in days): 14"
[1] 2091   40
[1] "Dropped 287 rows for states with <10 total deaths."
[1] 1804   40
[1] "States: 44"
 [1] "alabama"              "arizona"              "arkansas"            
 [4] "california"           "colorado"             "connecticut"         
 [7] "delaware"             "district of columbia" "florida"             
[10] "georgia"              "idaho"                "illinois"            
[13] "indiana"              "iowa"                 "kansas"              
[16] "kentucky"             "louisiana"            "maine"               
[19] "maryland"             "massachusetts"        "michigan"            
[22] "minnesota"            "mississippi"          "missouri"            
[25] "nebraska"             "nevada"               "new hampshire"       
[28] "new jersey"           "new mexico"           "new york"            
[31] "north carolina"       "ohio"                 "oklahoma"            
[34] "oregon"               "pennsylvania"         "rhode island"        
[37] "south carolina"       "tennessee"            "texas"               
[40] "utah"                 "vermont"              "virginia"            
[43] "washington"           "wisconsin"           
[1] "Dropping rows with dates after 2020-03-27"
[1] "Dropped 616 rows."
[1] "Final dataframe is: 1188" "Final dataframe is: 16"  
      Date            FutureDeathsPer100k DaysSince10Deaths  StateName        
 Min.   :2020-03-01   Min.   :-0.27751    -12    : 43       Length:1188       
 1st Qu.:2020-03-07   1st Qu.: 0.00000    -13    : 43       Class :character  
 Median :2020-03-14   Median : 0.03493    -14    : 43       Mode  :character  
 Mean   :2020-03-14   Mean   : 0.16454    -15    : 43                         
 3rd Qu.:2020-03-21   3rd Qu.: 0.14052    -16    : 43                         
 Max.   :2020-03-27   Max.   : 4.10998    -11    : 42                         
                                          (Other):931                         
    StateID        PopDensity         MedianAge       StayAtHome    
 Min.   : 1.00   Min.   :   17.29   Min.   :30.70   Min.   :-41.00  
 1st Qu.:11.75   1st Qu.:   58.22   1st Qu.:37.05   1st Qu.:-22.00  
 Median :22.50   Median :  115.64   Median :38.30   Median :-15.00  
 Mean   :22.50   Mean   :  492.69   Mean   :38.31   Mean   :-14.95  
 3rd Qu.:33.25   3rd Qu.:  263.92   3rd Qu.:39.33   3rd Qu.: -7.00  
 Max.   :44.00   Max.   :11814.54   Max.   :44.60   Max.   :  8.00  
                                                                    
   BizClosure     SchoolClosure     RetailAndRecPctChg GroceryPharmacyPctChg
 Min.   :-41.00   Min.   :-31.000   Min.   :-63.00     Min.   :-37.000      
 1st Qu.:-18.00   1st Qu.: -9.000   1st Qu.:-33.00     1st Qu.: -1.000      
 Median :-11.00   Median : -2.500   Median : -4.00     Median :  7.000      
 Mean   :-11.55   Mean   : -2.568   Mean   :-11.12     Mean   :  5.341      
 3rd Qu.: -4.00   3rd Qu.:  5.000   3rd Qu.:  8.00     3rd Qu.: 13.000      
 Max.   :  8.00   Max.   : 16.000   Max.   : 24.00     Max.   : 48.000      
                                                                            
  ParksPctChg     TransitPctChg    WorkplacesPctChg ResidentialPctChg
 Min.   :-68.00   Min.   :-75.00   Min.   :-67.00   Min.   :-5.000   
 1st Qu.: -1.00   1st Qu.:-29.00   1st Qu.:-32.00   1st Qu.: 0.000   
 Median : 20.00   Median : -6.00   Median : -6.00   Median : 3.000   
 Mean   : 22.47   Mean   :-13.16   Mean   :-15.31   Mean   : 6.557   
 3rd Qu.: 42.00   3rd Qu.:  4.00   3rd Qu.:  2.00   3rd Qu.:13.000   
 Max.   :187.00   Max.   : 32.00   Max.   : 18.00   Max.   :28.000   
                                                                     
  DaysSince10Deaths PopDensity MedianAge StayAtHome BizClosure SchoolClosure
1                24    96.9221      38.9        -34        -26           -16
2                22    96.9221      38.9        -33        -25           -15
3                21    96.9221      38.9        -32        -24           -14
4                20    96.9221      38.9        -31        -23           -13
5                19    96.9221      38.9        -30        -22           -12
6                18    96.9221      38.9        -29        -21           -11
  RetailAndRecPctChg GroceryPharmacyPctChg ParksPctChg TransitPctChg
1                 16                    10          53            21
2                  8                     4          -2             5
3                 20                    15          33             5
4                  7                     0          -8             2
5                  7                     6           0             4
6                  9                     4          29            10
  WorkplacesPctChg ResidentialPctChg
1                4                -2
2                2                 0
3                2                -1
4                0                 1
5                2                 1
6                2                -1
[1] "description: Main Model: All Predictors; non-spatial w/ random effect for state"
[1] "model_string: 3"
[1] "thin: 3"
[1] "burnin: 1e+05"
[1] "n.iter: 3e+05"
[1] "params: beta"  "params: sig"   "params: S"     "params: tau_s"
[5] "params: tau_y"
[1] "Instantiating model..."
Compiling model graph
   Resolving undeclared variables
   Allocating nodes
Graph information:
   Observed stochastic nodes: 1188
   Unobserved stochastic nodes: 58
   Total graph size: 20266

Initializing model

[1] "Burn-in for 1e+05 iterations..."
[1] "Burn-in complete"
[1] "Sampling for 3e+05 iterations..."
[1] "/home/ubuntu/covid19-project"
[1] "Saving model, samples to: ./out/main_nonspatial.RData"
[1] "RData file saved."

Iterations = 300003:6e+05
Thinning interval = 3 
Number of chains = 2 
Sample size per chain = 1e+05 

1. Empirical mean and standard deviation for each variable,
   plus standard error of the mean:

               Mean        SD  Naive SE Time-series SE
S[1]      3.093e-02 7.144e-02 1.597e-04      7.089e-04
S[2]      1.385e-02 8.109e-02 1.813e-04      1.267e-03
S[3]      2.431e-02 1.114e-01 2.490e-04      2.256e-03
S[4]     -3.449e-01 8.176e-02 1.828e-04      1.462e-03
S[5]     -8.220e-02 6.667e-02 1.491e-04      5.593e-04
S[6]      2.431e-01 6.676e-02 1.493e-04      4.571e-04
S[7]     -6.605e-02 6.670e-02 1.491e-04      4.806e-04
S[8]     -5.808e-02 2.403e-01 5.374e-04      2.088e-03
S[9]     -7.115e-02 8.858e-02 1.981e-04      1.537e-03
S[10]    -5.880e-02 7.540e-02 1.686e-04      1.058e-03
S[11]    -8.122e-02 1.456e-01 3.255e-04      3.688e-03
S[12]    -5.987e-02 6.727e-02 1.504e-04      6.838e-04
S[13]    -2.777e-02 7.721e-02 1.726e-04      1.247e-03
S[14]     3.994e-02 1.061e-01 2.372e-04      1.962e-03
S[15]    -2.213e-02 7.049e-02 1.576e-04      8.696e-04
S[16]    -5.552e-02 6.596e-02 1.475e-04      6.136e-04
S[17]     4.073e-01 6.554e-02 1.466e-04      4.583e-04
S[18]    -2.771e-01 1.581e-01 3.535e-04      4.390e-03
S[19]    -1.129e-01 6.875e-02 1.537e-04      7.064e-04
S[20]     1.080e-02 6.874e-02 1.537e-04      5.809e-04
S[21]     2.331e-01 6.880e-02 1.538e-04      7.633e-04
S[22]    -1.316e-01 7.006e-02 1.566e-04      7.164e-04
S[23]     9.517e-02 6.950e-02 1.554e-04      5.936e-04
S[24]    -2.433e-02 7.206e-02 1.611e-04      7.338e-04
S[25]    -1.420e-01 8.107e-02 1.813e-04      5.334e-04
S[26]    -4.785e-02 8.688e-02 1.943e-04      1.682e-03
S[27]    -8.158e-02 6.697e-02 1.498e-04      5.028e-04
S[28]     3.719e-01 7.956e-02 1.779e-04      1.176e-03
S[29]    -3.379e-03 6.924e-02 1.548e-04      5.823e-04
S[30]     1.035e+00 7.825e-02 1.750e-04      1.262e-03
S[31]    -4.323e-02 7.117e-02 1.592e-04      7.187e-04
S[32]    -4.105e-02 6.678e-02 1.493e-04      4.833e-04
S[33]     1.523e-02 6.731e-02 1.505e-04      6.382e-04
S[34]    -1.603e-01 7.321e-02 1.637e-04      1.011e-03
S[35]    -4.568e-02 8.862e-02 1.982e-04      1.671e-03
S[36]    -7.943e-02 7.824e-02 1.749e-04      1.027e-03
S[37]     1.079e-01 9.054e-02 2.024e-04      1.376e-03
S[38]     3.994e-03 7.483e-02 1.673e-04      9.820e-04
S[39]    -8.120e-02 6.975e-02 1.560e-04      7.463e-04
S[40]     2.207e-03 1.199e-01 2.680e-04      2.402e-03
S[41]    -1.409e-02 7.006e-02 1.567e-04      6.654e-04
S[42]    -7.429e-02 6.886e-02 1.540e-04      5.923e-04
S[43]    -2.294e-01 6.909e-02 1.545e-04      5.457e-04
S[44]    -1.184e-01 7.207e-02 1.612e-04      9.528e-04
beta[1]   5.830e-03 6.129e-04 1.370e-06      2.184e-06
beta[2]  -1.324e-06 2.184e-05 4.883e-08      1.988e-07
beta[3]  -4.152e-04 2.620e-03 5.858e-06      6.371e-05
beta[4]   5.434e-03 6.506e-03 1.455e-05      1.740e-04
beta[5]   5.722e-03 9.705e-03 2.170e-05      2.970e-04
beta[6]  -1.595e-02 8.859e-03 1.981e-05      2.239e-04
beta[7]   6.705e-04 1.594e-03 3.564e-06      1.278e-05
beta[8]   5.820e-04 1.009e-03 2.256e-06      6.059e-06
beta[9]   9.642e-04 3.127e-04 6.993e-07      1.921e-06
beta[10] -5.630e-03 1.552e-03 3.470e-06      1.200e-05
beta[11]  5.596e-03 2.779e-03 6.215e-06      4.040e-05
beta[12]  2.450e-02 6.551e-03 1.465e-05      9.389e-05
sig[1]    2.740e-01 5.763e-03 1.289e-05      1.294e-05
sig[2]    2.403e-01 2.890e-02 6.461e-05      1.388e-04
tau_s     1.806e+01 4.244e+00 9.490e-03      1.948e-02
tau_y     1.333e+01 5.604e-01 1.253e-03      1.258e-03

2. Quantiles for each variable:

               2.5%         5%        50%        95%      97.5%
S[1]     -1.094e-01 -8.677e-02  3.097e-02  1.486e-01  0.1714548
S[2]     -1.459e-01 -1.195e-01  1.375e-02  1.471e-01  0.1729745
S[3]     -1.956e-01 -1.588e-01  2.433e-02  2.072e-01  0.2420163
S[4]     -5.053e-01 -4.794e-01 -3.448e-01 -2.104e-01 -0.1845348
S[5]     -2.130e-01 -1.922e-01 -8.210e-02  2.739e-02  0.0480447
S[6]      1.126e-01  1.338e-01  2.429e-01  3.531e-01  0.3745008
S[7]     -1.969e-01 -1.756e-01 -6.611e-02  4.364e-02  0.0651519
S[8]     -5.295e-01 -4.521e-01 -5.781e-02  3.363e-01  0.4142389
S[9]     -2.467e-01 -2.176e-01 -7.057e-02  7.379e-02  0.1022836
S[10]    -2.078e-01 -1.834e-01 -5.849e-02  6.483e-02  0.0887658
S[11]    -3.668e-01 -3.218e-01 -8.096e-02  1.591e-01  0.2044539
S[12]    -1.921e-01 -1.702e-01 -5.992e-02  5.103e-02  0.0722239
S[13]    -1.792e-01 -1.547e-01 -2.796e-02  9.920e-02  0.1237918
S[14]    -1.695e-01 -1.343e-01  3.988e-02  2.137e-01  0.2479105
S[15]    -1.609e-01 -1.384e-01 -2.206e-02  9.345e-02  0.1153966
S[16]    -1.852e-01 -1.645e-01 -5.532e-02  5.239e-02  0.0731590
S[17]     2.797e-01  2.998e-01  4.072e-01  5.152e-01  0.5364497
S[18]    -5.905e-01 -5.380e-01 -2.767e-01 -1.951e-02  0.0299464
S[19]    -2.476e-01 -2.258e-01 -1.128e-01  1.082e-04  0.0219480
S[20]    -1.234e-01 -1.020e-01  1.067e-02  1.242e-01  0.1463442
S[21]     9.873e-02  1.206e-01  2.329e-01  3.464e-01  0.3690137
S[22]    -2.688e-01 -2.463e-01 -1.316e-01 -1.660e-02  0.0056027
S[23]    -4.129e-02 -1.912e-02  9.514e-02  2.094e-01  0.2318332
S[24]    -1.659e-01 -1.425e-01 -2.423e-02  9.404e-02  0.1163907
S[25]    -3.019e-01 -2.757e-01 -1.419e-01 -9.298e-03  0.0158469
S[26]    -2.191e-01 -1.907e-01 -4.753e-02  9.424e-02  0.1221386
S[27]    -2.128e-01 -1.917e-01 -8.165e-02  2.889e-02  0.0499589
S[28]     2.169e-01  2.420e-01  3.714e-01  5.034e-01  0.5284689
S[29]    -1.389e-01 -1.170e-01 -3.436e-03  1.105e-01  0.1328295
S[30]     8.831e-01  9.074e-01  1.034e+00  1.165e+00  1.1906140
S[31]    -1.837e-01 -1.603e-01 -4.291e-02  7.338e-02  0.0958483
S[32]    -1.717e-01 -1.508e-01 -4.121e-02  6.885e-02  0.0901059
S[33]    -1.170e-01 -9.556e-02  1.516e-02  1.262e-01  0.1479855
S[34]    -3.046e-01 -2.809e-01 -1.599e-01 -4.001e-02 -0.0171591
S[35]    -2.204e-01 -1.920e-01 -4.564e-02  9.973e-02  0.1277919
S[36]    -2.335e-01 -2.082e-01 -7.921e-02  4.874e-02  0.0732969
S[37]    -7.050e-02 -4.076e-02  1.082e-01  2.564e-01  0.2851280
S[38]    -1.426e-01 -1.190e-01  3.935e-03  1.268e-01  0.1512478
S[39]    -2.184e-01 -1.967e-01 -8.099e-02  3.291e-02  0.0549739
S[40]    -2.332e-01 -1.947e-01  2.374e-03  1.987e-01  0.2366778
S[41]    -1.513e-01 -1.290e-01 -1.415e-02  1.010e-01  0.1237136
S[42]    -2.093e-01 -1.875e-01 -7.416e-02  3.905e-02  0.0607085
S[43]    -3.657e-01 -3.427e-01 -2.294e-01 -1.158e-01 -0.0943996
S[44]    -2.601e-01 -2.373e-01 -1.183e-01 -5.006e-04  0.0225024
beta[1]   4.630e-03  4.821e-03  5.831e-03  6.839e-03  0.0070293
beta[2]  -4.453e-05 -3.715e-05 -1.304e-06  3.442e-05  0.0000415
beta[3]  -5.594e-03 -4.738e-03 -4.083e-04  3.884e-03  0.0046556
beta[4]  -7.436e-03 -5.205e-03  5.404e-03  1.610e-02  0.0181724
beta[5]  -1.333e-02 -1.019e-02  5.698e-03  2.176e-02  0.0249576
beta[6]  -3.331e-02 -3.042e-02 -1.604e-02 -1.327e-03  0.0014368
beta[7]  -2.448e-03 -1.952e-03  6.684e-04  3.300e-03  0.0038078
beta[8]  -1.398e-03 -1.078e-03  5.816e-04  2.244e-03  0.0025589
beta[9]   3.521e-04  4.511e-04  9.633e-04  1.479e-03  0.0015785
beta[10] -8.673e-03 -8.185e-03 -5.628e-03 -3.074e-03 -0.0026001
beta[11]  1.034e-04  1.009e-03  5.597e-03  1.018e-02  0.0110741
beta[12]  1.153e-02  1.371e-02  2.451e-02  3.525e-02  0.0373982
sig[1]    2.630e-01  2.647e-01  2.739e-01  2.837e-01  0.2856058
sig[2]    1.912e-01  1.976e-01  2.377e-01  2.915e-01  0.3038881
tau_s     1.083e+01  1.176e+01  1.770e+01  2.561e+01 27.3631717
tau_y     1.226e+01  1.243e+01  1.333e+01  1.427e+01 14.4590055

[1] "ESS:"
      S[1]       S[2]       S[3]       S[4]       S[5]       S[6]       S[7] 
 10168.373   4112.334   2438.940   3127.682  14306.403  21357.418  19261.898 
      S[8]       S[9]      S[10]      S[11]      S[12]      S[13]      S[14] 
 13245.099   3336.618   5098.910   1564.787   9732.008   3832.057   2933.562 
     S[15]      S[16]      S[17]      S[18]      S[19]      S[20]      S[21] 
  6576.746  11563.641  20575.607   1297.978   9482.507  14018.938   8130.424 
     S[22]      S[23]      S[24]      S[25]      S[26]      S[27]      S[28] 
  9614.887  13704.567   9697.113  23101.735   2673.285  17777.834   4575.463 
     S[29]      S[30]      S[31]      S[32]      S[33]      S[34]      S[35] 
 14137.305   3842.212   9817.497  19113.259  11128.155   5249.641   2828.345 
     S[36]      S[37]      S[38]      S[39]      S[40]      S[41]      S[42] 
  5826.626   4356.859   5816.392   8747.621   2490.188  11086.601  13515.942 
     S[43]      S[44]    beta[1]    beta[2]    beta[3]    beta[4]    beta[5] 
 16056.238   5721.393  78732.727  12070.433   1690.219   1398.158   1083.878 
   beta[6]    beta[7]    beta[8]    beta[9]   beta[10]   beta[11]   beta[12] 
  1567.024  15593.704  27728.262  26510.442  16721.865   4732.953   4875.083 
    sig[1]     sig[2]      tau_s      tau_y 
198391.409  43407.357  47471.604 198456.173 
[1] "Gelman Diagnostic:"
Potential scale reduction factors:

         Point est. Upper C.I.
S[1]              1          1
S[2]              1          1
S[3]              1          1
S[4]              1          1
S[5]              1          1
S[6]              1          1
S[7]              1          1
S[8]              1          1
S[9]              1          1
S[10]             1          1
S[11]             1          1
S[12]             1          1
S[13]             1          1
S[14]             1          1
S[15]             1          1
S[16]             1          1
S[17]             1          1
S[18]             1          1
S[19]             1          1
S[20]             1          1
S[21]             1          1
S[22]             1          1
S[23]             1          1
S[24]             1          1
S[25]             1          1
S[26]             1          1
S[27]             1          1
S[28]             1          1
S[29]             1          1
S[30]             1          1
S[31]             1          1
S[32]             1          1
S[33]             1          1
S[34]             1          1
S[35]             1          1
S[36]             1          1
S[37]             1          1
S[38]             1          1
S[39]             1          1
S[40]             1          1
S[41]             1          1
S[42]             1          1
S[43]             1          1
S[44]             1          1
beta[1]           1          1
beta[2]           1          1
beta[3]           1          1
beta[4]           1          1
beta[5]           1          1
beta[6]           1          1
beta[7]           1          1
beta[8]           1          1
beta[9]           1          1
beta[10]          1          1
beta[11]          1          1
beta[12]          1          1
sig[1]            1          1
sig[2]            1          1
tau_s             1          1
tau_y             1          1

Multivariate psrf

1
[1] "Computing DIC ... ( thin = 3 )"
Mean deviance:  292.6 
penalty 51.08 
Penalized deviance: 343.6 
[1] "Computing WAIC / Pw ..."
Error in jags.samples(model, variable.names, n.iter, thin, type = "trace",  : 
  No valid monitors set
Calls: evalmodel -> waic -> coda.samples -> jags.samples
In addition: Warning message:
In FUN(X[[i]], ...) : Failed to set trace monitor for like
Variable like not found

Execution halted
