running
  '/usr/lib/R/bin/R --slave --no-restore --no-save --no-restore --file=pipeline.R --args main_spatial_bernoulli_nodays'

[1] "Sun Apr 26 01:16:29 2020"
[1] "[START] 2020-04-26 01:16:29"
Loading required package: coda
Linked to JAGS 4.3.0
Loaded modules: basemod,bugs
[1] "model name: main_spatial_bernoulli_nodays"
[1] "config file: ./models/main_spatial_bernoulli_nodays.R"
[1] "util.R loaded successfully."
[1] "Lag (in days): 14"
[1] 2091   40
[1] "Dropped 287 rows for states with <10 total deaths."
[1] 1804   40
[1] "States: 44"
 [1] "alabama"              "arizona"              "arkansas"            
 [4] "california"           "colorado"             "connecticut"         
 [7] "delaware"             "district of columbia" "florida"             
[10] "georgia"              "idaho"                "illinois"            
[13] "indiana"              "iowa"                 "kansas"              
[16] "kentucky"             "louisiana"            "maine"               
[19] "maryland"             "massachusetts"        "michigan"            
[22] "minnesota"            "mississippi"          "missouri"            
[25] "nebraska"             "nevada"               "new hampshire"       
[28] "new jersey"           "new mexico"           "new york"            
[31] "north carolina"       "ohio"                 "oklahoma"            
[34] "oregon"               "pennsylvania"         "rhode island"        
[37] "south carolina"       "tennessee"            "texas"               
[40] "utah"                 "vermont"              "virginia"            
[43] "washington"           "wisconsin"           
[1] "Dropping rows with dates after 2020-03-27"
[1] "Dropped 616 rows."
[1] "Final dataframe is: 1188" "Final dataframe is: 16"  
      Date            FutureDeathsPer100k DaysSince10Deaths  StateName        
 Min.   :2020-03-01   Min.   :-0.27751    -12    : 43       Length:1188       
 1st Qu.:2020-03-07   1st Qu.: 0.00000    -13    : 43       Class :character  
 Median :2020-03-14   Median : 0.03493    -14    : 43       Mode  :character  
 Mean   :2020-03-14   Mean   : 0.16454    -15    : 43                         
 3rd Qu.:2020-03-21   3rd Qu.: 0.14052    -16    : 43                         
 Max.   :2020-03-27   Max.   : 4.10998    -11    : 42                         
                                          (Other):931                         
    StateID        PopDensity         MedianAge       StayAtHome    
 Min.   : 1.00   Min.   :   17.29   Min.   :30.70   Min.   :-41.00  
 1st Qu.:11.75   1st Qu.:   58.22   1st Qu.:37.05   1st Qu.:-22.00  
 Median :22.50   Median :  115.64   Median :38.30   Median :-15.00  
 Mean   :22.50   Mean   :  492.69   Mean   :38.31   Mean   :-14.95  
 3rd Qu.:33.25   3rd Qu.:  263.92   3rd Qu.:39.33   3rd Qu.: -7.00  
 Max.   :44.00   Max.   :11814.54   Max.   :44.60   Max.   :  8.00  
                                                                    
   BizClosure     SchoolClosure     RetailAndRecPctChg GroceryPharmacyPctChg
 Min.   :-41.00   Min.   :-31.000   Min.   :-63.00     Min.   :-37.000      
 1st Qu.:-18.00   1st Qu.: -9.000   1st Qu.:-33.00     1st Qu.: -1.000      
 Median :-11.00   Median : -2.500   Median : -4.00     Median :  7.000      
 Mean   :-11.55   Mean   : -2.568   Mean   :-11.12     Mean   :  5.341      
 3rd Qu.: -4.00   3rd Qu.:  5.000   3rd Qu.:  8.00     3rd Qu.: 13.000      
 Max.   :  8.00   Max.   : 16.000   Max.   : 24.00     Max.   : 48.000      
                                                                            
  ParksPctChg     TransitPctChg    WorkplacesPctChg ResidentialPctChg
 Min.   :-68.00   Min.   :-75.00   Min.   :-67.00   Min.   :-5.000   
 1st Qu.: -1.00   1st Qu.:-29.00   1st Qu.:-32.00   1st Qu.: 0.000   
 Median : 20.00   Median : -6.00   Median : -6.00   Median : 3.000   
 Mean   : 22.47   Mean   :-13.16   Mean   :-15.31   Mean   : 6.557   
 3rd Qu.: 42.00   3rd Qu.:  4.00   3rd Qu.:  2.00   3rd Qu.:13.000   
 Max.   :187.00   Max.   : 32.00   Max.   : 18.00   Max.   :28.000   
                                                                     
Loading required package: methods
Loading required package: sp
Loading required package: spData
To access larger datasets in this package, install the spDataLarge
package with: `install.packages('spDataLarge',
repos='https://nowosad.github.io/drat/', type='source')`
Loading required package: sf
Linking to GEOS 3.6.2, GDAL 2.2.3, PROJ 4.9.3
Checking rgeos availability: TRUE
  PopDensity MedianAge StayAtHome BizClosure SchoolClosure RetailAndRecPctChg
1    96.9221      38.9        -34        -26           -16                 16
2    96.9221      38.9        -33        -25           -15                  8
3    96.9221      38.9        -32        -24           -14                 20
4    96.9221      38.9        -31        -23           -13                  7
5    96.9221      38.9        -30        -22           -12                  7
6    96.9221      38.9        -29        -21           -11                  9
  GroceryPharmacyPctChg ParksPctChg TransitPctChg WorkplacesPctChg
1                    10          53            21                4
2                     4          -2             5                2
3                    15          33             5                2
4                     0          -8             2                0
5                     6           0             4                2
6                     4          29            10                2
  ResidentialPctChg
1                -2
2                 0
3                -1
4                 1
5                 1
6                -1
[1] "------------------- X: ----------------------"
  PopDensity MedianAge StayAtHome BizClosure SchoolClosure RetailAndRecPctChg
1 -0.2263226 0.2476535  -1.911308  -1.539368    -1.5215157          1.2479602
2 -0.2263226 0.2476535  -1.810953  -1.432871    -1.4082387          0.8798468
3 -0.2263226 0.2476535  -1.710598  -1.326374    -1.2949618          1.4320169
4 -0.2263226 0.2476535  -1.610243  -1.219877    -1.1816848          0.8338326
5 -0.2263226 0.2476535  -1.509888  -1.113379    -1.0684078          0.8338326
6 -0.2263226 0.2476535  -1.409532  -1.006882    -0.9551308          0.9258610
  GroceryPharmacyPctChg ParksPctChg TransitPctChg WorkplacesPctChg
1            0.36405059   0.8885998     1.5797931        1.0155346
2           -0.10477553  -0.7122470     0.8397505        0.9103511
3            0.75473902   0.3064737     0.8397505        0.9103511
4           -0.41732628  -0.8868848     0.7009925        0.8051676
5            0.05149984  -0.6540344     0.7934979        0.9103511
6           -0.10477553   0.1900485     1.0710138        0.9103511
  ResidentialPctChg
1        -1.0637544
2        -0.8151334
3        -0.9394439
4        -0.6908230
5        -0.6908230
6        -0.9394439
[1] "description: Bernoulli selectors without DaysSince10Deaths"
[1] "model_string: 3"
[1] "thin: 1"
[1] "burnin: 50000"
[1] "n.iter: 1e+05"
[1] "params: beta"     "params: selector"
[1] "Instantiating model..."
Compiling model graph
   Resolving undeclared variables
   Allocating nodes
Graph information:
   Observed stochastic nodes: 1188
   Unobserved stochastic nodes: 26
   Total graph size: 25811

Initializing model

[1] "Burn-in for 50000 iterations..."
[1] "Burn-in complete"
[1] "Sampling for 1e+05 iterations..."
[1] "/home/ubuntu/covid19-project"
[1] "Saving model, samples to: ./out/main_spatial_bernoulli_nodays.RData"
[1] "RData file saved."

Iterations = 101001:201000
Thinning interval = 1 
Number of chains = 2 
Sample size per chain = 1e+05 

1. Empirical mean and standard deviation for each variable,
   plus standard error of the mean:

                  Mean       SD  Naive SE Time-series SE
beta[1]       0.003008  9.94884 0.0222463      0.0221966
beta[2]       0.026683 10.00828 0.0223792      0.0223792
beta[3]       0.004128  9.96821 0.0222896      0.0223163
beta[4]      -0.063576  9.77912 0.0218668      0.0218668
beta[5]      -0.046175  9.11105 0.0203729      0.0203730
beta[6]       0.027788  9.97422 0.0223030      0.0223714
beta[7]       0.006555  9.96530 0.0222831      0.0222831
beta[8]      -0.001088  9.79604 0.0219046      0.0219047
beta[9]      -0.053862  7.34256 0.0164185      0.0167842
beta[10]      0.011285  9.92695 0.0221973      0.0221165
beta[11]      0.129042  2.59431 0.0058011      0.0056904
selector[1]   0.006750  0.08188 0.0001831      0.0014902
selector[2]   0.004870  0.06962 0.0001557      0.0009185
selector[3]   0.014265  0.11858 0.0002652      0.0031235
selector[4]   0.041480  0.19940 0.0004459      0.0091642
selector[5]   0.169510  0.37520 0.0008390      0.0304882
selector[6]   0.006120  0.07799 0.0001744      0.0021620
selector[7]   0.005235  0.07216 0.0001614      0.0006057
selector[8]   0.038630  0.19271 0.0004309      0.0060381
selector[9]   0.461815  0.49854 0.0011148      0.0424013
selector[10]  0.011515  0.10669 0.0002386      0.0026618
selector[11]  0.932310  0.25121 0.0005617      0.0337667

2. Quantiles for each variable:

                2.5%        5%        50%     95%  97.5%
beta[1]      -19.527 -16.38023 -0.0009689 16.3971 19.583
beta[2]      -19.586 -16.45249  0.0009172 16.5441 19.716
beta[3]      -19.714 -16.48216 -0.0387076 16.4059 19.609
beta[4]      -19.400 -16.22994 -0.0696507 16.1551 19.346
beta[5]      -18.819 -15.59888 -0.0768437 15.4691 18.721
beta[6]      -19.584 -16.43413  0.0560593 16.4739 19.572
beta[7]      -19.461 -16.39617 -0.0127120 16.3768 19.477
beta[8]      -19.428 -16.25644  0.0298451 16.2641 19.395
beta[9]      -16.811 -13.24109 -0.1103032 13.2703 16.813
beta[10]     -19.494 -16.34949  0.0423444 16.3130 19.501
beta[11]      -3.574   0.06163  0.1698911  0.2149  3.097
selector[1]    0.000   0.00000  0.0000000  0.0000  0.000
selector[2]    0.000   0.00000  0.0000000  0.0000  0.000
selector[3]    0.000   0.00000  0.0000000  0.0000  0.000
selector[4]    0.000   0.00000  0.0000000  0.0000  1.000
selector[5]    0.000   0.00000  0.0000000  1.0000  1.000
selector[6]    0.000   0.00000  0.0000000  0.0000  0.000
selector[7]    0.000   0.00000  0.0000000  0.0000  0.000
selector[8]    0.000   0.00000  0.0000000  0.0000  1.000
selector[9]    0.000   0.00000  0.0000000  1.0000  1.000
selector[10]   0.000   0.00000  0.0000000  0.0000  0.000
selector[11]   0.000   0.00000  1.0000000  1.0000  1.000

[1] "ESS:"
     beta[1]      beta[2]      beta[3]      beta[4]      beta[5]      beta[6] 
200897.84623 200000.00000 199535.62876 200000.00000 200000.00000 198789.26681 
     beta[7]      beta[8]      beta[9]     beta[10]     beta[11]  selector[1] 
200000.00000 200000.00000 191407.45871 201481.11663 218425.43483   3054.99450 
 selector[2]  selector[3]  selector[4]  selector[5]  selector[6]  selector[7] 
  5860.37970   1445.35516    524.62397    196.73271   1296.97139  14392.41124 
 selector[8]  selector[9] selector[10] selector[11] 
  1085.49280    130.72292   1592.89364     79.82792 
[1] "Gelman Diagnostic:"
Potential scale reduction factors:

             Point est. Upper C.I.
beta[1]            1.00       1.00
beta[2]            1.00       1.00
beta[3]            1.00       1.00
beta[4]            1.00       1.00
beta[5]            1.00       1.00
beta[6]            1.00       1.00
beta[7]            1.00       1.00
beta[8]            1.00       1.00
beta[9]            1.02       1.02
beta[10]           1.00       1.00
beta[11]           1.19       1.19
selector[1]        1.00       1.00
selector[2]        1.00       1.00
selector[3]        1.02       1.03
selector[4]        1.03       1.04
selector[5]        1.10       1.31
selector[6]        1.01       1.01
selector[7]        1.00       1.00
selector[8]        1.06       1.10
selector[9]        1.12       1.43
selector[10]       1.02       1.02
selector[11]       1.23       1.81

Multivariate psrf

1.11
[1] "Computing DIC ... ( thin = 1 )"
Mean deviance:  404.8 
penalty 49.75 
Penalized deviance: 454.6 
[1] "Computing WAIC / Pw ..."
[1] "468.735193538838 61.74571404911"
[1] "[FINISH] 2020-04-26 05:29:39"
