running
  '/usr/lib/R/bin/R --slave --no-restore --no-save --no-restore --file=pipeline.R --args main_spatial_xburn'

[1] "Sat Apr 25 16:32:17 2020"
[1] "[START] 2020-04-25 16:32:17"
Loading required package: coda
Linked to JAGS 4.3.0
Loaded modules: basemod,bugs
[1] "model name: main_spatial_xburn"
[1] "config file: ./models/main_spatial_xburn.R"
[1] "util.R loaded successfully."
[1] "Lag (in days): 14"
[1] 2091   40
[1] "Dropped 287 rows for states with <10 total deaths."
[1] 1804   40
[1] "States: 44"
 [1] "alabama"              "arizona"              "arkansas"            
 [4] "california"           "colorado"             "connecticut"         
 [7] "delaware"             "district of columbia" "florida"             
[10] "georgia"              "idaho"                "illinois"            
[13] "indiana"              "iowa"                 "kansas"              
[16] "kentucky"             "louisiana"            "maine"               
[19] "maryland"             "massachusetts"        "michigan"            
[22] "minnesota"            "mississippi"          "missouri"            
[25] "nebraska"             "nevada"               "new hampshire"       
[28] "new jersey"           "new mexico"           "new york"            
[31] "north carolina"       "ohio"                 "oklahoma"            
[34] "oregon"               "pennsylvania"         "rhode island"        
[37] "south carolina"       "tennessee"            "texas"               
[40] "utah"                 "vermont"              "virginia"            
[43] "washington"           "wisconsin"           
[1] "Dropping rows with dates after 2020-03-27"
[1] "Dropped 616 rows."
[1] "Final dataframe is: 1188" "Final dataframe is: 16"  
      Date            FutureDeathsPer100k DaysSince10Deaths  StateName        
 Min.   :2020-03-01   Min.   :-0.27751    -12    : 43       Length:1188       
 1st Qu.:2020-03-07   1st Qu.: 0.00000    -13    : 43       Class :character  
 Median :2020-03-14   Median : 0.03493    -14    : 43       Mode  :character  
 Mean   :2020-03-14   Mean   : 0.16454    -15    : 43                         
 3rd Qu.:2020-03-21   3rd Qu.: 0.14052    -16    : 43                         
 Max.   :2020-03-27   Max.   : 4.10998    -11    : 42                         
                                          (Other):931                         
    StateID        PopDensity         MedianAge       StayAtHome    
 Min.   : 1.00   Min.   :   17.29   Min.   :30.70   Min.   :-41.00  
 1st Qu.:11.75   1st Qu.:   58.22   1st Qu.:37.05   1st Qu.:-22.00  
 Median :22.50   Median :  115.64   Median :38.30   Median :-15.00  
 Mean   :22.50   Mean   :  492.69   Mean   :38.31   Mean   :-14.95  
 3rd Qu.:33.25   3rd Qu.:  263.92   3rd Qu.:39.33   3rd Qu.: -7.00  
 Max.   :44.00   Max.   :11814.54   Max.   :44.60   Max.   :  8.00  
                                                                    
   BizClosure     SchoolClosure     RetailAndRecPctChg GroceryPharmacyPctChg
 Min.   :-41.00   Min.   :-31.000   Min.   :-63.00     Min.   :-37.000      
 1st Qu.:-18.00   1st Qu.: -9.000   1st Qu.:-33.00     1st Qu.: -1.000      
 Median :-11.00   Median : -2.500   Median : -4.00     Median :  7.000      
 Mean   :-11.55   Mean   : -2.568   Mean   :-11.12     Mean   :  5.341      
 3rd Qu.: -4.00   3rd Qu.:  5.000   3rd Qu.:  8.00     3rd Qu.: 13.000      
 Max.   :  8.00   Max.   : 16.000   Max.   : 24.00     Max.   : 48.000      
                                                                            
  ParksPctChg     TransitPctChg    WorkplacesPctChg ResidentialPctChg
 Min.   :-68.00   Min.   :-75.00   Min.   :-67.00   Min.   :-5.000   
 1st Qu.: -1.00   1st Qu.:-29.00   1st Qu.:-32.00   1st Qu.: 0.000   
 Median : 20.00   Median : -6.00   Median : -6.00   Median : 3.000   
 Mean   : 22.47   Mean   :-13.16   Mean   :-15.31   Mean   : 6.557   
 3rd Qu.: 42.00   3rd Qu.:  4.00   3rd Qu.:  2.00   3rd Qu.:13.000   
 Max.   :187.00   Max.   : 32.00   Max.   : 18.00   Max.   :28.000   
                                                                     
Loading required package: methods
Loading required package: sp
Loading required package: spData
To access larger datasets in this package, install the spDataLarge
package with: `install.packages('spDataLarge',
repos='https://nowosad.github.io/drat/', type='source')`
Loading required package: sf
Linking to GEOS 3.6.2, GDAL 2.2.3, PROJ 4.9.3
Checking rgeos availability: TRUE
  DaysSince10Deaths PopDensity MedianAge StayAtHome BizClosure SchoolClosure
1                24    96.9221      38.9        -34        -26           -16
2                22    96.9221      38.9        -33        -25           -15
3                21    96.9221      38.9        -32        -24           -14
4                20    96.9221      38.9        -31        -23           -13
5                19    96.9221      38.9        -30        -22           -12
6                18    96.9221      38.9        -29        -21           -11
  RetailAndRecPctChg GroceryPharmacyPctChg ParksPctChg TransitPctChg
1                 16                    10          53            21
2                  8                     4          -2             5
3                 20                    15          33             5
4                  7                     0          -8             2
5                  7                     6           0             4
6                  9                     4          29            10
  WorkplacesPctChg ResidentialPctChg
1                4                -2
2                2                 0
3                2                -1
4                0                 1
5                2                 1
6                2                -1
[1] "description: Main Model: All Predictors; Spatial"
[1] "model_string: 3"
[1] "thin: 5"
[1] "burnin: 50000"
[1] "n.iter: 5e+05"
[1] "params: beta"  "params: sig"   "params: tau_y"
[1] "Instantiating model..."
Compiling model graph
   Resolving undeclared variables
   Allocating nodes
Graph information:
   Observed stochastic nodes: 1188
   Unobserved stochastic nodes: 16
   Total graph size: 24611

Initializing model

[1] "Burn-in for 50000 iterations..."
[1] "Burn-in complete"
[1] "Sampling for 5e+05 iterations..."
[1] "/home/ubuntu/covid19-project"
[1] "Saving model, samples to: ./out/main_spatial_xburn.RData"
[1] "RData file saved."

Iterations = 501005:1001000
Thinning interval = 5 
Number of chains = 2 
Sample size per chain = 1e+05 

1. Empirical mean and standard deviation for each variable,
   plus standard error of the mean:

               Mean        SD  Naive SE Time-series SE
beta[1]   5.830e-03 0.0006115 1.367e-06      1.761e-06
beta[2]  -2.307e-07 0.0000285 6.374e-08      2.622e-07
beta[3]   2.498e-04 0.0029175 6.524e-06      5.984e-05
beta[4]   4.726e-03 0.0053220 1.190e-05      9.102e-05
beta[5]   1.091e-02 0.0098123 2.194e-05      2.425e-04
beta[6]  -2.127e-02 0.0099857 2.233e-05      2.253e-04
beta[7]   3.069e-04 0.0015952 3.567e-06      9.904e-06
beta[8]   7.528e-04 0.0010148 2.269e-06      4.832e-06
beta[9]   9.579e-04 0.0003133 7.006e-07      1.571e-06
beta[10] -5.447e-03 0.0015493 3.464e-06      9.084e-06
beta[11]  5.342e-03 0.0027858 6.229e-06      3.167e-05
beta[12]  2.431e-02 0.0065531 1.465e-05      7.354e-05
sig[1]    2.740e-01 0.0057539 1.287e-05      1.295e-05
sig[2]    4.553e-01 0.0561173 1.255e-04      2.411e-04
tau_y     1.333e+01 0.5596569 1.251e-03      1.260e-03

2. Quantiles for each variable:

               2.5%         5%        50%        95%      97.5%
beta[1]   4.632e-03  4.823e-03  5.830e-03  6.838e-03  7.028e-03
beta[2]  -5.616e-05 -4.694e-05 -3.145e-07  4.652e-05  5.578e-05
beta[3]  -5.558e-03 -4.570e-03  2.672e-04  5.016e-03  5.992e-03
beta[4]  -5.745e-03 -3.978e-03  4.698e-03  1.348e-02  1.513e-02
beta[5]  -8.532e-03 -5.264e-03  1.100e-02  2.692e-02  3.035e-02
beta[6]  -4.104e-02 -3.774e-02 -2.130e-02 -4.731e-03 -1.397e-03
beta[7]  -2.802e-03 -2.307e-03  3.017e-04  2.930e-03  3.437e-03
beta[8]  -1.237e-03 -9.122e-04  7.538e-04  2.423e-03  2.743e-03
beta[9]   3.455e-04  4.437e-04  9.577e-04  1.474e-03  1.573e-03
beta[10] -8.470e-03 -7.992e-03 -5.449e-03 -2.895e-03 -2.411e-03
beta[11] -1.073e-04  7.590e-04  5.346e-03  9.929e-03  1.082e-02
beta[12]  1.148e-02  1.355e-02  2.430e-02  3.511e-02  3.723e-02
sig[1]    2.630e-01  2.647e-01  2.739e-01  2.836e-01  2.855e-01
sig[2]    3.600e-01  3.723e-01  4.504e-01  5.553e-01  5.792e-01
tau_y     1.227e+01  1.243e+01  1.332e+01  1.427e+01  1.445e+01

[1] "ESS:"
   beta[1]    beta[2]    beta[3]    beta[4]    beta[5]    beta[6]    beta[7] 
120516.400  11825.058   2403.577   3423.417   1644.545   1974.814  25948.377 
   beta[8]    beta[9]   beta[10]   beta[11]   beta[12]     sig[1]     sig[2] 
 44128.734  39789.199  29093.795   7739.901   7946.088 197427.627  55190.826 
     tau_y 
197454.944 
[1] "Gelman Diagnostic:"
Potential scale reduction factors:

         Point est. Upper C.I.
beta[1]           1          1
beta[2]           1          1
beta[3]           1          1
beta[4]           1          1
beta[5]           1          1
beta[6]           1          1
beta[7]           1          1
beta[8]           1          1
beta[9]           1          1
beta[10]          1          1
beta[11]          1          1
beta[12]          1          1
sig[1]            1          1
sig[2]            1          1
tau_y             1          1

Multivariate psrf

1
[1] "Computing DIC ... ( thin = 5 )"
Mean deviance:  292.6 
penalty 50.66 
Penalized deviance: 343.2 
[1] "Computing WAIC / Pw ..."
Error in jags.samples(model, variable.names, n.iter, thin, type = "trace",  : 
  No valid monitors set
Calls: evalmodel -> waic -> coda.samples -> jags.samples
In addition: Warning message:
In FUN(X[[i]], ...) : Failed to set trace monitor for like
Variable like not found

Execution halted
