running
  '/usr/lib/R/bin/R --slave --no-restore --no-save --no-restore --file=pipeline.R --args main_spatial_scaled'

[1] "Sat Apr 25 15:40:20 2020"
[1] "[START] 2020-04-25 15:40:20"
Loading required package: coda
Linked to JAGS 4.3.0
Loaded modules: basemod,bugs
[1] "model name: main_spatial_scaled"
[1] "config file: ./models/main_spatial_scaled.R"
[1] "util.R loaded successfully."
[1] "Lag (in days): 14"
[1] 2091   40
[1] "Dropped 287 rows for states with <10 total deaths."
[1] 1804   40
[1] "States: 44"
 [1] "alabama"              "arizona"              "arkansas"            
 [4] "california"           "colorado"             "connecticut"         
 [7] "delaware"             "district of columbia" "florida"             
[10] "georgia"              "idaho"                "illinois"            
[13] "indiana"              "iowa"                 "kansas"              
[16] "kentucky"             "louisiana"            "maine"               
[19] "maryland"             "massachusetts"        "michigan"            
[22] "minnesota"            "mississippi"          "missouri"            
[25] "nebraska"             "nevada"               "new hampshire"       
[28] "new jersey"           "new mexico"           "new york"            
[31] "north carolina"       "ohio"                 "oklahoma"            
[34] "oregon"               "pennsylvania"         "rhode island"        
[37] "south carolina"       "tennessee"            "texas"               
[40] "utah"                 "vermont"              "virginia"            
[43] "washington"           "wisconsin"           
[1] "Dropping rows with dates after 2020-03-27"
[1] "Dropped 616 rows."
[1] "Final dataframe is: 1188" "Final dataframe is: 16"  
      Date            FutureDeathsPer100k DaysSince10Deaths  StateName        
 Min.   :2020-03-01   Min.   :-0.27751    -12    : 43       Length:1188       
 1st Qu.:2020-03-07   1st Qu.: 0.00000    -13    : 43       Class :character  
 Median :2020-03-14   Median : 0.03493    -14    : 43       Mode  :character  
 Mean   :2020-03-14   Mean   : 0.16454    -15    : 43                         
 3rd Qu.:2020-03-21   3rd Qu.: 0.14052    -16    : 43                         
 Max.   :2020-03-27   Max.   : 4.10998    -11    : 42                         
                                          (Other):931                         
    StateID        PopDensity         MedianAge       StayAtHome    
 Min.   : 1.00   Min.   :   17.29   Min.   :30.70   Min.   :-41.00  
 1st Qu.:11.75   1st Qu.:   58.22   1st Qu.:37.05   1st Qu.:-22.00  
 Median :22.50   Median :  115.64   Median :38.30   Median :-15.00  
 Mean   :22.50   Mean   :  492.69   Mean   :38.31   Mean   :-14.95  
 3rd Qu.:33.25   3rd Qu.:  263.92   3rd Qu.:39.33   3rd Qu.: -7.00  
 Max.   :44.00   Max.   :11814.54   Max.   :44.60   Max.   :  8.00  
                                                                    
   BizClosure     SchoolClosure     RetailAndRecPctChg GroceryPharmacyPctChg
 Min.   :-41.00   Min.   :-31.000   Min.   :-63.00     Min.   :-37.000      
 1st Qu.:-18.00   1st Qu.: -9.000   1st Qu.:-33.00     1st Qu.: -1.000      
 Median :-11.00   Median : -2.500   Median : -4.00     Median :  7.000      
 Mean   :-11.55   Mean   : -2.568   Mean   :-11.12     Mean   :  5.341      
 3rd Qu.: -4.00   3rd Qu.:  5.000   3rd Qu.:  8.00     3rd Qu.: 13.000      
 Max.   :  8.00   Max.   : 16.000   Max.   : 24.00     Max.   : 48.000      
                                                                            
  ParksPctChg     TransitPctChg    WorkplacesPctChg ResidentialPctChg
 Min.   :-68.00   Min.   :-75.00   Min.   :-67.00   Min.   :-5.000   
 1st Qu.: -1.00   1st Qu.:-29.00   1st Qu.:-32.00   1st Qu.: 0.000   
 Median : 20.00   Median : -6.00   Median : -6.00   Median : 3.000   
 Mean   : 22.47   Mean   :-13.16   Mean   :-15.31   Mean   : 6.557   
 3rd Qu.: 42.00   3rd Qu.:  4.00   3rd Qu.:  2.00   3rd Qu.:13.000   
 Max.   :187.00   Max.   : 32.00   Max.   : 18.00   Max.   :28.000   
                                                                     
Loading required package: methods
Loading required package: sp
Loading required package: spData
To access larger datasets in this package, install the spDataLarge
package with: `install.packages('spDataLarge',
repos='https://nowosad.github.io/drat/', type='source')`
Loading required package: sf
Linking to GEOS 3.6.2, GDAL 2.2.3, PROJ 4.9.3
Checking rgeos availability: TRUE
  DaysSince10Deaths PopDensity MedianAge StayAtHome BizClosure SchoolClosure
1                24    96.9221      38.9        -34        -26           -16
2                22    96.9221      38.9        -33        -25           -15
3                21    96.9221      38.9        -32        -24           -14
4                20    96.9221      38.9        -31        -23           -13
5                19    96.9221      38.9        -30        -22           -12
6                18    96.9221      38.9        -29        -21           -11
  RetailAndRecPctChg GroceryPharmacyPctChg ParksPctChg TransitPctChg
1                 16                    10          53            21
2                  8                     4          -2             5
3                 20                    15          33             5
4                  7                     0          -8             2
5                  7                     6           0             4
6                  9                     4          29            10
  WorkplacesPctChg ResidentialPctChg
1                4                -2
2                2                 0
3                2                -1
4                0                 1
5                2                 1
6                2                -1
[1] "description: Main Model - All predictors scaled"
[1] "model_string: 3"
[1] "thin: 1"
[1] "burnin: 50000"
[1] "n.iter: 1e+05"
[1] "params: beta"  "params: sig"   "params: tau_y"
[1] "Instantiating model..."
Compiling model graph
   Resolving undeclared variables
   Allocating nodes
Graph information:
   Observed stochastic nodes: 1188
   Unobserved stochastic nodes: 16
   Total graph size: 24611

Initializing model

[1] "Burn-in for 50000 iterations..."
[1] "Burn-in complete"
[1] "Sampling for 1e+05 iterations..."
[1] "/home/ubuntu/covid19-project"
[1] "Saving model, samples to: ./out/main_spatial_scaled.RData"
[1] "RData file saved."

Iterations = 101001:201000
Thinning interval = 1 
Number of chains = 2 
Sample size per chain = 1e+05 

1. Empirical mean and standard deviation for each variable,
   plus standard error of the mean:

              Mean       SD  Naive SE Time-series SE
beta[1]   0.097522 0.010309 2.305e-05      3.941e-05
beta[2]  -0.015311 0.056263 1.258e-04      1.252e-03
beta[3]  -0.004029 0.045730 1.023e-04      8.247e-04
beta[4]   0.039699 0.059983 1.341e-04      1.424e-03
beta[5]   0.081583 0.102958 2.302e-04      4.169e-03
beta[6]  -0.163511 0.099669 2.229e-04      3.949e-03
beta[7]   0.006124 0.035090 7.846e-05      4.101e-04
beta[8]   0.009579 0.013050 2.918e-05      8.816e-05
beta[9]   0.033534 0.010771 2.408e-05      8.250e-05
beta[10] -0.119492 0.033436 7.477e-05      3.769e-04
beta[11]  0.103658 0.052865 1.182e-04      1.086e-03
beta[12]  0.197499 0.052472 1.173e-04      1.028e-03
sig[1]    0.273999 0.005742 1.284e-05      1.343e-05
sig[2]    0.500480 0.063395 1.418e-04      4.482e-04
tau_y    13.337461 0.558599 1.249e-03      1.306e-03

2. Quantiles for each variable:

               2.5%       5%       50%       95%    97.5%
beta[1]   0.0773209  0.08060  0.097505  0.114443  0.11767
beta[2]  -0.1284529 -0.10898 -0.014406  0.075032  0.09354
beta[3]  -0.0953093 -0.07976 -0.003507  0.069753  0.08476
beta[4]  -0.0803949 -0.06004  0.040658  0.136427  0.15611
beta[5]  -0.1243562 -0.09008  0.082602  0.248175  0.28082
beta[6]  -0.3588220 -0.32743 -0.164093  0.002471  0.03455
beta[7]  -0.0626421 -0.05160  0.006147  0.063899  0.07468
beta[8]  -0.0160200 -0.01187  0.009593  0.031037  0.03516
beta[9]   0.0124189  0.01583  0.033523  0.051337  0.05476
beta[10] -0.1848004 -0.17450 -0.119376 -0.064589 -0.05416
beta[11] -0.0002549  0.01678  0.103426  0.190468  0.20729
beta[12]  0.0953311  0.11126  0.197602  0.284014  0.30052
sig[1]    0.2629944  0.26471  0.273911  0.283592  0.28548
sig[2]    0.3935329  0.40755  0.494769  0.613898  0.64091
tau_y    12.2704007 12.43401 13.328483 14.271205 14.45796

[1] "ESS:"
    beta[1]     beta[2]     beta[3]     beta[4]     beta[5]     beta[6] 
 68497.0659   2019.4233   3074.5309   1775.2078    610.7754    637.9289 
    beta[7]     beta[8]     beta[9]    beta[10]    beta[11]    beta[12] 
  7323.6772  21948.4792  17050.8595   7872.3012   2380.5084   2608.7689 
     sig[1]      sig[2]       tau_y 
182811.1130  20011.7005 182878.1276 
[1] "Gelman Diagnostic:"
Potential scale reduction factors:

         Point est. Upper C.I.
beta[1]           1          1
beta[2]           1          1
beta[3]           1          1
beta[4]           1          1
beta[5]           1          1
beta[6]           1          1
beta[7]           1          1
beta[8]           1          1
beta[9]           1          1
beta[10]          1          1
beta[11]          1          1
beta[12]          1          1
sig[1]            1          1
sig[2]            1          1
tau_y             1          1

Multivariate psrf

1
[1] "Computing DIC ... ( thin = 1 )"
Mean deviance:  292.4 
penalty 51.14 
Penalized deviance: 343.5 
[1] "Computing WAIC / Pw ..."
Error in jags.samples(model, variable.names, n.iter, thin, type = "trace",  : 
  No valid monitors set
Calls: evalmodel -> waic -> coda.samples -> jags.samples
In addition: Warning message:
In FUN(X[[i]], ...) : Failed to set trace monitor for like
Variable like not found

Execution halted
