running
  '/usr/lib/R/bin/R --slave --no-restore --no-save --no-restore --file=pipeline.R --args main_spatial'

[1] "Fri Apr 24 07:13:40 PM 2020"
[1] "[START] 2020-04-24 19:13:40"
Loading required package: coda
Linked to JAGS 4.3.0
Loaded modules: basemod,bugs
[1] "model name: main_spatial"
[1] "config file: ./models/main_spatial.R"
[1] "util.R loaded successfully."
[1] "Lag (in days): 14"
[1] 2091   40
[1] "Dropped 287 rows for states with <10 total deaths."
[1] 1804   40
[1] "States: 44"
 [1] "alabama"              "arizona"              "arkansas"            
 [4] "california"           "colorado"             "connecticut"         
 [7] "delaware"             "district of columbia" "florida"             
[10] "georgia"              "idaho"                "illinois"            
[13] "indiana"              "iowa"                 "kansas"              
[16] "kentucky"             "louisiana"            "maine"               
[19] "maryland"             "massachusetts"        "michigan"            
[22] "minnesota"            "mississippi"          "missouri"            
[25] "nebraska"             "nevada"               "new hampshire"       
[28] "new jersey"           "new mexico"           "new york"            
[31] "north carolina"       "ohio"                 "oklahoma"            
[34] "oregon"               "pennsylvania"         "rhode island"        
[37] "south carolina"       "tennessee"            "texas"               
[40] "utah"                 "vermont"              "virginia"            
[43] "washington"           "wisconsin"           
[1] "Dropping rows with dates after 2020-03-27"
[1] "Dropped 616 rows."
[1] "Final dataframe is: 1188" "Final dataframe is: 16"  
      Date            FutureDeathsPer100k DaysSince10Deaths  StateName        
 Min.   :2020-03-01   Min.   :-0.27751    -12    : 43       Length:1188       
 1st Qu.:2020-03-07   1st Qu.: 0.00000    -13    : 43       Class :character  
 Median :2020-03-14   Median : 0.03493    -14    : 43       Mode  :character  
 Mean   :2020-03-14   Mean   : 0.16454    -15    : 43                         
 3rd Qu.:2020-03-21   3rd Qu.: 0.14052    -16    : 43                         
 Max.   :2020-03-27   Max.   : 4.10998    -11    : 42                         
                                          (Other):931                         
    StateID        PopDensity         MedianAge       StayAtHome    
 Min.   : 1.00   Min.   :   17.29   Min.   :30.70   Min.   :-41.00  
 1st Qu.:11.75   1st Qu.:   58.22   1st Qu.:37.05   1st Qu.:-22.00  
 Median :22.50   Median :  115.64   Median :38.30   Median :-15.00  
 Mean   :22.50   Mean   :  492.69   Mean   :38.31   Mean   :-14.95  
 3rd Qu.:33.25   3rd Qu.:  263.92   3rd Qu.:39.33   3rd Qu.: -7.00  
 Max.   :44.00   Max.   :11814.54   Max.   :44.60   Max.   :  8.00  
                                                                    
   BizClosure     SchoolClosure     RetailAndRecPctChg GroceryPharmacyPctChg
 Min.   :-41.00   Min.   :-31.000   Min.   :-63.00     Min.   :-37.000      
 1st Qu.:-18.00   1st Qu.: -9.000   1st Qu.:-33.00     1st Qu.: -1.000      
 Median :-11.00   Median : -2.500   Median : -4.00     Median :  7.000      
 Mean   :-11.55   Mean   : -2.568   Mean   :-11.12     Mean   :  5.341      
 3rd Qu.: -4.00   3rd Qu.:  5.000   3rd Qu.:  8.00     3rd Qu.: 13.000      
 Max.   :  8.00   Max.   : 16.000   Max.   : 24.00     Max.   : 48.000      
                                                                            
  ParksPctChg     TransitPctChg    WorkplacesPctChg ResidentialPctChg
 Min.   :-68.00   Min.   :-75.00   Min.   :-67.00   Min.   :-5.000   
 1st Qu.: -1.00   1st Qu.:-29.00   1st Qu.:-32.00   1st Qu.: 0.000   
 Median : 20.00   Median : -6.00   Median : -6.00   Median : 3.000   
 Mean   : 22.47   Mean   :-13.16   Mean   :-15.31   Mean   : 6.557   
 3rd Qu.: 42.00   3rd Qu.:  4.00   3rd Qu.:  2.00   3rd Qu.:13.000   
 Max.   :187.00   Max.   : 32.00   Max.   : 18.00   Max.   :28.000   
                                                                     
Loading required package: methods
Loading required package: sp
Loading required package: spData
Loading required package: sf
Linking to GEOS 3.6.2, GDAL 2.2.3, PROJ 4.9.3
Checking rgeos availability: TRUE
  DaysSince10Deaths PopDensity MedianAge StayAtHome BizClosure SchoolClosure
1                24    96.9221      38.9        -34        -26           -16
2                22    96.9221      38.9        -33        -25           -15
3                21    96.9221      38.9        -32        -24           -14
4                20    96.9221      38.9        -31        -23           -13
5                19    96.9221      38.9        -30        -22           -12
6                18    96.9221      38.9        -29        -21           -11
  RetailAndRecPctChg GroceryPharmacyPctChg ParksPctChg TransitPctChg
1                 16                    10          53            21
2                  8                     4          -2             5
3                 20                    15          33             5
4                  7                     0          -8             2
5                  7                     6           0             4
6                  9                     4          29            10
  WorkplacesPctChg ResidentialPctChg
1                4                -2
2                2                 0
3                2                -1
4                0                 1
5                2                 1
6                2                -1
[1] "description: Main Model: All Predictors; Spatial"
[1] "model_string: 3"
[1] "thin: 1"
[1] "burnin: 10000"
[1] "n.iter: 50000"
[1] "params: beta"  "params: sig"   "params: tau_y"
[1] "Instantiating model..."
[1] "Burn-in for 10000 iterations..."
[1] "Burn-in complete"
[1] "Sampling for 50000 iterations..."
[1] "/home/h4x/git/covid19-project"
[1] "Saving model, samples to: ./out/main_spatial.RData"
[1] "RData file saved."

Iterations = 51001:101000
Thinning interval = 1 
Number of chains = 2 
Sample size per chain = 50000 

1. Empirical mean and standard deviation for each variable,
   plus standard error of the mean:

               Mean        SD  Naive SE Time-series SE
beta[1]   5.825e-03 6.063e-04 1.917e-06      5.612e-06
beta[2]  -1.092e-06 2.878e-05 9.100e-08      8.450e-07
beta[3]   1.996e-04 3.066e-03 9.696e-06      2.014e-04
beta[4]   4.229e-03 5.332e-03 1.686e-05      2.894e-04
beta[5]   1.152e-02 9.834e-03 3.110e-05      8.029e-04
beta[6]  -2.146e-02 1.046e-02 3.308e-05      6.546e-04
beta[7]   3.072e-04 1.599e-03 5.056e-06      3.215e-05
beta[8]   7.633e-04 1.017e-03 3.216e-06      1.509e-05
beta[9]   9.652e-04 3.120e-04 9.867e-07      4.494e-06
beta[10] -5.459e-03 1.569e-03 4.962e-06      3.036e-05
beta[11]  5.433e-03 2.708e-03 8.564e-06      9.815e-05
beta[12]  2.459e-02 6.373e-03 2.015e-05      2.312e-04
sig[1]    2.740e-01 5.748e-03 1.818e-05      1.893e-05
sig[2]    4.555e-01 5.641e-02 1.784e-04      5.899e-04
tau_y     1.334e+01 5.589e-01 1.767e-03      1.840e-03

2. Quantiles for each variable:

               2.5%         5%        50%        95%      97.5%
beta[1]   4.634e-03  4.834e-03  5.823e-03  6.826e-03  7.020e-03
beta[2]  -5.786e-05 -4.838e-05 -1.124e-06  4.609e-05  5.499e-05
beta[3]  -5.995e-03 -4.825e-03  2.525e-04  5.247e-03  6.352e-03
beta[4]  -6.335e-03 -4.517e-03  4.244e-03  1.293e-02  1.469e-02
beta[5]  -8.458e-03 -4.906e-03  1.180e-02  2.809e-02  3.098e-02
beta[6]  -4.216e-02 -3.858e-02 -2.154e-02 -3.714e-03 -2.684e-04
beta[7]  -2.820e-03 -2.311e-03  2.949e-04  2.935e-03  3.439e-03
beta[8]  -1.232e-03 -9.085e-04  7.659e-04  2.429e-03  2.753e-03
beta[9]   3.576e-04  4.532e-04  9.649e-04  1.477e-03  1.577e-03
beta[10] -8.563e-03 -8.072e-03 -5.439e-03 -2.904e-03 -2.434e-03
beta[11]  2.584e-04  1.032e-03  5.400e-03  9.939e-03  1.086e-02
beta[12]  1.238e-02  1.431e-02  2.453e-02  3.534e-02  3.745e-02
sig[1]    2.630e-01  2.647e-01  2.739e-01  2.836e-01  2.856e-01
sig[2]    3.593e-01  3.720e-01  4.504e-01  5.556e-01  5.802e-01
tau_y     1.226e+01  1.243e+01  1.333e+01  1.427e+01  1.445e+01

[1] "ESS:"
   beta[1]    beta[2]    beta[3]    beta[4]    beta[5]    beta[6]    beta[7] 
11715.5875  1159.7558   230.4148   342.0228   149.8213   253.9496  2477.8506 
   beta[8]    beta[9]   beta[10]   beta[11]   beta[12]     sig[1]     sig[2] 
 4540.9020  4867.6174  2686.4941   760.5089   759.7253 92176.2219  9194.8186 
     tau_y 
92239.1840 
[1] "Gelman Diagnostic:"
Potential scale reduction factors:

         Point est. Upper C.I.
beta[1]        1.00       1.00
beta[2]        1.00       1.01
beta[3]        1.01       1.04
beta[4]        1.00       1.01
beta[5]        1.02       1.07
beta[6]        1.01       1.05
beta[7]        1.00       1.00
beta[8]        1.00       1.00
beta[9]        1.00       1.00
beta[10]       1.00       1.00
beta[11]       1.00       1.01
beta[12]       1.00       1.00
sig[1]         1.00       1.00
sig[2]         1.00       1.00
tau_y          1.00       1.00

Multivariate psrf

1.01
[1] "Computing DIC ... ( thin = 1 )"
Mean deviance:  292.6 
penalty 50.72 
Penalized deviance: 343.3 
[1] "Computing WAIC / Pw ..."
Error in jags.samples(model, variable.names, n.iter, thin, type = "trace",  : 
  No valid monitors set
Calls: evalmodel -> waic -> coda.samples -> jags.samples
In addition: Warning message:
In FUN(X[[i]], ...) : Failed to set trace monitor for like
Variable like not found

Execution halted
