running
  '/usr/lib/R/bin/R --slave --no-restore --no-save --no-restore --file=pipeline.R --args main_spatial'

[1] "Sat Apr 25 12:17:16 AM 2020"
[1] "[START] 2020-04-25 00:17:16"
Loading required package: coda
Linked to JAGS 4.3.0
Loaded modules: basemod,bugs
[1] "model name: main_spatial"
[1] "config file: ./models/main_spatial.R"
[1] "util.R loaded successfully."
[1] "Lag (in days): 14"
[1] 2091   40
[1] "Dropped 287 rows for states with <10 total deaths."
[1] 1804   40
[1] "States: 44"
 [1] "alabama"              "arizona"              "arkansas"            
 [4] "california"           "colorado"             "connecticut"         
 [7] "delaware"             "district of columbia" "florida"             
[10] "georgia"              "idaho"                "illinois"            
[13] "indiana"              "iowa"                 "kansas"              
[16] "kentucky"             "louisiana"            "maine"               
[19] "maryland"             "massachusetts"        "michigan"            
[22] "minnesota"            "mississippi"          "missouri"            
[25] "nebraska"             "nevada"               "new hampshire"       
[28] "new jersey"           "new mexico"           "new york"            
[31] "north carolina"       "ohio"                 "oklahoma"            
[34] "oregon"               "pennsylvania"         "rhode island"        
[37] "south carolina"       "tennessee"            "texas"               
[40] "utah"                 "vermont"              "virginia"            
[43] "washington"           "wisconsin"           
[1] "Dropping rows with dates after 2020-03-27"
[1] "Dropped 616 rows."
[1] "Final dataframe is: 1188" "Final dataframe is: 16"  
      Date            FutureDeathsPer100k DaysSince10Deaths  StateName        
 Min.   :2020-03-01   Min.   :-0.27751    -12    : 43       Length:1188       
 1st Qu.:2020-03-07   1st Qu.: 0.00000    -13    : 43       Class :character  
 Median :2020-03-14   Median : 0.03493    -14    : 43       Mode  :character  
 Mean   :2020-03-14   Mean   : 0.16454    -15    : 43                         
 3rd Qu.:2020-03-21   3rd Qu.: 0.14052    -16    : 43                         
 Max.   :2020-03-27   Max.   : 4.10998    -11    : 42                         
                                          (Other):931                         
    StateID        PopDensity         MedianAge       StayAtHome    
 Min.   : 1.00   Min.   :   17.29   Min.   :30.70   Min.   :-41.00  
 1st Qu.:11.75   1st Qu.:   58.22   1st Qu.:37.05   1st Qu.:-22.00  
 Median :22.50   Median :  115.64   Median :38.30   Median :-15.00  
 Mean   :22.50   Mean   :  492.69   Mean   :38.31   Mean   :-14.95  
 3rd Qu.:33.25   3rd Qu.:  263.92   3rd Qu.:39.33   3rd Qu.: -7.00  
 Max.   :44.00   Max.   :11814.54   Max.   :44.60   Max.   :  8.00  
                                                                    
   BizClosure     SchoolClosure     RetailAndRecPctChg GroceryPharmacyPctChg
 Min.   :-41.00   Min.   :-31.000   Min.   :-63.00     Min.   :-37.000      
 1st Qu.:-18.00   1st Qu.: -9.000   1st Qu.:-33.00     1st Qu.: -1.000      
 Median :-11.00   Median : -2.500   Median : -4.00     Median :  7.000      
 Mean   :-11.55   Mean   : -2.568   Mean   :-11.12     Mean   :  5.341      
 3rd Qu.: -4.00   3rd Qu.:  5.000   3rd Qu.:  8.00     3rd Qu.: 13.000      
 Max.   :  8.00   Max.   : 16.000   Max.   : 24.00     Max.   : 48.000      
                                                                            
  ParksPctChg     TransitPctChg    WorkplacesPctChg ResidentialPctChg
 Min.   :-68.00   Min.   :-75.00   Min.   :-67.00   Min.   :-5.000   
 1st Qu.: -1.00   1st Qu.:-29.00   1st Qu.:-32.00   1st Qu.: 0.000   
 Median : 20.00   Median : -6.00   Median : -6.00   Median : 3.000   
 Mean   : 22.47   Mean   :-13.16   Mean   :-15.31   Mean   : 6.557   
 3rd Qu.: 42.00   3rd Qu.:  4.00   3rd Qu.:  2.00   3rd Qu.:13.000   
 Max.   :187.00   Max.   : 32.00   Max.   : 18.00   Max.   :28.000   
                                                                     
Loading required package: methods
Loading required package: sp
Loading required package: spData
Loading required package: sf
Linking to GEOS 3.6.2, GDAL 2.2.3, PROJ 4.9.3
Checking rgeos availability: TRUE
  DaysSince10Deaths PopDensity MedianAge StayAtHome BizClosure SchoolClosure
1                24    96.9221      38.9        -34        -26           -16
2                22    96.9221      38.9        -33        -25           -15
3                21    96.9221      38.9        -32        -24           -14
4                20    96.9221      38.9        -31        -23           -13
5                19    96.9221      38.9        -30        -22           -12
6                18    96.9221      38.9        -29        -21           -11
  RetailAndRecPctChg GroceryPharmacyPctChg ParksPctChg TransitPctChg
1                 16                    10          53            21
2                  8                     4          -2             5
3                 20                    15          33             5
4                  7                     0          -8             2
5                  7                     6           0             4
6                  9                     4          29            10
  WorkplacesPctChg ResidentialPctChg
1                4                -2
2                2                 0
3                2                -1
4                0                 1
5                2                 1
6                2                -1
[1] "description: Main Model: All Predictors; Spatial"
[1] "model_string: 3"
[1] "thin: 5"
[1] "burnin: 10000"
[1] "n.iter: 5e+05"
[1] "params: beta"  "params: sig"   "params: tau_y"
[1] "Instantiating model..."
[1] "Burn-in for 10000 iterations..."
[1] "Burn-in complete"
[1] "Sampling for 5e+05 iterations..."
[1] "/home/h4x/git/covid19-project"
[1] "Saving model, samples to: ./out/main_spatial.RData"
[1] "RData file saved."

Iterations = 501005:1001000
Thinning interval = 5 
Number of chains = 2 
Sample size per chain = 1e+05 

1. Empirical mean and standard deviation for each variable,
   plus standard error of the mean:

               Mean        SD  Naive SE Time-series SE
beta[1]   5.827e-03 6.106e-04 1.365e-06      1.772e-06
beta[2]  -3.333e-07 2.827e-05 6.322e-08      2.562e-07
beta[3]   2.417e-04 2.908e-03 6.503e-06      5.887e-05
beta[4]   4.729e-03 5.429e-03 1.214e-05      9.293e-05
beta[5]   1.084e-02 9.677e-03 2.164e-05      2.366e-04
beta[6]  -2.120e-02 9.774e-03 2.186e-05      2.199e-04
beta[7]   3.131e-04 1.596e-03 3.569e-06      9.861e-06
beta[8]   7.446e-04 1.014e-03 2.268e-06      4.804e-06
beta[9]   9.581e-04 3.131e-04 7.002e-07      1.672e-06
beta[10] -5.454e-03 1.537e-03 3.436e-06      9.008e-06
beta[11]  5.337e-03 2.814e-03 6.293e-06      3.241e-05
beta[12]  2.429e-02 6.609e-03 1.478e-05      7.524e-05
sig[1]    2.740e-01 5.756e-03 1.287e-05      1.287e-05
sig[2]    4.552e-01 5.612e-02 1.255e-04      2.324e-04
tau_y     1.333e+01 5.597e-01 1.252e-03      1.252e-03

2. Quantiles for each variable:

               2.5%         5%        50%        95%      97.5%
beta[1]   4.624e-03  4.819e-03  5.829e-03  6.831e-03  7.024e-03
beta[2]  -5.612e-05 -4.682e-05 -3.946e-07  4.584e-05  5.532e-05
beta[3]  -5.645e-03 -4.593e-03  2.783e-04  4.964e-03  5.888e-03
beta[4]  -6.018e-03 -4.260e-03  4.762e-03  1.363e-02  1.538e-02
beta[5]  -8.897e-03 -5.436e-03  1.099e-02  2.633e-02  2.946e-02
beta[6]  -4.016e-02 -3.700e-02 -2.134e-02 -5.009e-03 -1.767e-03
beta[7]  -2.809e-03 -2.313e-03  3.158e-04  2.939e-03  3.444e-03
beta[8]  -1.237e-03 -9.252e-04  7.454e-04  2.409e-03  2.729e-03
beta[9]   3.452e-04  4.435e-04  9.584e-04  1.474e-03  1.572e-03
beta[10] -8.479e-03 -7.986e-03 -5.449e-03 -2.934e-03 -2.458e-03
beta[11] -1.531e-04  7.317e-04  5.332e-03  9.993e-03  1.086e-02
beta[12]  1.131e-02  1.341e-02  2.429e-02  3.519e-02  3.726e-02
sig[1]    2.630e-01  2.647e-01  2.739e-01  2.837e-01  2.856e-01
sig[2]    3.601e-01  3.726e-01  4.501e-01  5.549e-01  5.792e-01
tau_y     1.226e+01  1.242e+01  1.333e+01  1.427e+01  1.445e+01

[1] "ESS:"
   beta[1]    beta[2]    beta[3]    beta[4]    beta[5]    beta[6]    beta[7] 
118947.362  12183.427   2449.506   3421.813   1672.264   1976.076  26199.861 
   beta[8]    beta[9]   beta[10]   beta[11]   beta[12]     sig[1]     sig[2] 
 44570.638  35079.379  29157.396   7540.967   7718.064 200000.000  58811.444 
     tau_y 
200000.000 
[1] "Gelman Diagnostic:"
Potential scale reduction factors:

         Point est. Upper C.I.
beta[1]           1       1.00
beta[2]           1       1.00
beta[3]           1       1.01
beta[4]           1       1.00
beta[5]           1       1.01
beta[6]           1       1.01
beta[7]           1       1.00
beta[8]           1       1.00
beta[9]           1       1.00
beta[10]          1       1.00
beta[11]          1       1.00
beta[12]          1       1.00
sig[1]            1       1.00
sig[2]            1       1.00
tau_y             1       1.00

Multivariate psrf

1
[1] "Computing DIC ... ( thin = 5 )"
Mean deviance:  292.6 
penalty 50.68 
Penalized deviance: 343.3 
[1] "Computing WAIC / Pw ..."
Error in jags.samples(model, variable.names, n.iter, thin, type = "trace",  : 
  No valid monitors set
Calls: evalmodel -> waic -> coda.samples -> jags.samples
In addition: Warning message:
In FUN(X[[i]], ...) : Failed to set trace monitor for like
Variable like not found

Execution halted
