running
  '/usr/lib/R/bin/R --slave --no-restore --no-save --no-restore --file=pipeline.R --args main_spatial_only_mobility_100k'

[1] "Sun Apr 26 13:54:14 2020"
[1] "[START] 2020-04-26 13:54:14"
Loading required package: coda
Linked to JAGS 4.3.0
Loaded modules: basemod,bugs
[1] "model name: main_spatial_only_mobility_100k"
[1] "config file: ./models/main_spatial_only_mobility_100k.R"
[1] "util.R loaded successfully."
[1] "Lag (in days): 14"
[1] 2091   40
[1] "Dropped 287 rows for states with <10 total deaths."
[1] 1804   40
[1] "States: 44"
 [1] "alabama"              "arizona"              "arkansas"            
 [4] "california"           "colorado"             "connecticut"         
 [7] "delaware"             "district of columbia" "florida"             
[10] "georgia"              "idaho"                "illinois"            
[13] "indiana"              "iowa"                 "kansas"              
[16] "kentucky"             "louisiana"            "maine"               
[19] "maryland"             "massachusetts"        "michigan"            
[22] "minnesota"            "mississippi"          "missouri"            
[25] "nebraska"             "nevada"               "new hampshire"       
[28] "new jersey"           "new mexico"           "new york"            
[31] "north carolina"       "ohio"                 "oklahoma"            
[34] "oregon"               "pennsylvania"         "rhode island"        
[37] "south carolina"       "tennessee"            "texas"               
[40] "utah"                 "vermont"              "virginia"            
[43] "washington"           "wisconsin"           
[1] "Dropping rows with dates after 2020-03-27"
[1] "Dropped 616 rows."
[1] "Final dataframe is: 1188" "Final dataframe is: 16"  
      Date            FutureDeathsPer100k DaysSince10Deaths  StateName        
 Min.   :2020-03-01   Min.   :-0.27751    -12    : 43       Length:1188       
 1st Qu.:2020-03-07   1st Qu.: 0.00000    -13    : 43       Class :character  
 Median :2020-03-14   Median : 0.03493    -14    : 43       Mode  :character  
 Mean   :2020-03-14   Mean   : 0.16454    -15    : 43                         
 3rd Qu.:2020-03-21   3rd Qu.: 0.14052    -16    : 43                         
 Max.   :2020-03-27   Max.   : 4.10998    -11    : 42                         
                                          (Other):931                         
    StateID        PopDensity         MedianAge       StayAtHome    
 Min.   : 1.00   Min.   :   17.29   Min.   :30.70   Min.   :-41.00  
 1st Qu.:11.75   1st Qu.:   58.22   1st Qu.:37.05   1st Qu.:-22.00  
 Median :22.50   Median :  115.64   Median :38.30   Median :-15.00  
 Mean   :22.50   Mean   :  492.69   Mean   :38.31   Mean   :-14.95  
 3rd Qu.:33.25   3rd Qu.:  263.92   3rd Qu.:39.33   3rd Qu.: -7.00  
 Max.   :44.00   Max.   :11814.54   Max.   :44.60   Max.   :  8.00  
                                                                    
   BizClosure     SchoolClosure     RetailAndRecPctChg GroceryPharmacyPctChg
 Min.   :-41.00   Min.   :-31.000   Min.   :-63.00     Min.   :-37.000      
 1st Qu.:-18.00   1st Qu.: -9.000   1st Qu.:-33.00     1st Qu.: -1.000      
 Median :-11.00   Median : -2.500   Median : -4.00     Median :  7.000      
 Mean   :-11.55   Mean   : -2.568   Mean   :-11.12     Mean   :  5.341      
 3rd Qu.: -4.00   3rd Qu.:  5.000   3rd Qu.:  8.00     3rd Qu.: 13.000      
 Max.   :  8.00   Max.   : 16.000   Max.   : 24.00     Max.   : 48.000      
                                                                            
  ParksPctChg     TransitPctChg    WorkplacesPctChg ResidentialPctChg
 Min.   :-68.00   Min.   :-75.00   Min.   :-67.00   Min.   :-5.000   
 1st Qu.: -1.00   1st Qu.:-29.00   1st Qu.:-32.00   1st Qu.: 0.000   
 Median : 20.00   Median : -6.00   Median : -6.00   Median : 3.000   
 Mean   : 22.47   Mean   :-13.16   Mean   :-15.31   Mean   : 6.557   
 3rd Qu.: 42.00   3rd Qu.:  4.00   3rd Qu.:  2.00   3rd Qu.:13.000   
 Max.   :187.00   Max.   : 32.00   Max.   : 18.00   Max.   :28.000   
                                                                     
Loading required package: methods
Loading required package: sp
Loading required package: spData
To access larger datasets in this package, install the spDataLarge
package with: `install.packages('spDataLarge',
repos='https://nowosad.github.io/drat/', type='source')`
Loading required package: sf
Linking to GEOS 3.6.2, GDAL 2.2.3, PROJ 4.9.3
Checking rgeos availability: TRUE
  RetailAndRecPctChg GroceryPharmacyPctChg ParksPctChg TransitPctChg
1                 16                    10          53            21
2                  8                     4          -2             5
3                 20                    15          33             5
4                  7                     0          -8             2
5                  7                     6           0             4
6                  9                     4          29            10
  WorkplacesPctChg ResidentialPctChg
1                4                -2
2                2                 0
3                2                -1
4                0                 1
5                2                 1
6                2                -1
[1] "description: Only mobility indicators"
[1] "model_string: 3"
[1] "thin: 1"
[1] "burnin: 50000"
[1] "n.iter: 1e+05"
[1] "params: beta"  "params: sig"   "params: tau_y"
[1] "Instantiating model..."
Compiling model graph
   Resolving undeclared variables
   Allocating nodes
Graph information:
   Observed stochastic nodes: 1188
   Unobserved stochastic nodes: 10
   Total graph size: 18665

Initializing model

[1] "Burn-in for 50000 iterations..."
[1] "Burn-in complete"
[1] "Sampling for 1e+05 iterations..."
[1] "/home/ubuntu/covid19-project"
[1] "Saving model, samples to: ./out/main_spatial_only_mobility_100k.RData"
[1] "RData file saved."

Iterations = 101001:201000
Thinning interval = 1 
Number of chains = 2 
Sample size per chain = 1e+05 

1. Empirical mean and standard deviation for each variable,
   plus standard error of the mean:

            Mean       SD  Naive SE Time-series SE
beta[1]  0.07870 0.031075 6.949e-05      3.301e-04
beta[2] -0.02764 0.012086 2.703e-05      4.976e-05
beta[3]  0.03129 0.010775 2.409e-05      8.382e-05
beta[4] -0.15833 0.034598 7.736e-05      4.061e-04
beta[5]  0.13989 0.055764 1.247e-04      1.132e-03
beta[6]  0.24373 0.055071 1.231e-04      1.111e-03
sig[1]   0.28483 0.005977 1.337e-05      1.411e-05
sig[2]   0.51054 0.061526 1.376e-04      2.120e-04
tau_y   12.34265 0.517531 1.157e-03      1.222e-03

2. Quantiles for each variable:

            2.5%       5%      50%       95%     97.5%
beta[1]  0.01811  0.02783  0.07868  0.129815  0.139593
beta[2] -0.05136 -0.04750 -0.02763 -0.007793 -0.003977
beta[3]  0.01019  0.01357  0.03127  0.049022  0.052423
beta[4] -0.22564 -0.21513 -0.15841 -0.101300 -0.090479
beta[5]  0.03189  0.04903  0.13942  0.232096  0.250001
beta[6]  0.13749  0.15449  0.24294  0.334654  0.351800
sig[1]   0.27342  0.27517  0.28472  0.294813  0.296855
sig[2]   0.40547  0.41958  0.50511  0.619901  0.645840
tau_y   11.34778 11.50552 12.33573 13.207071 13.375927

[1] "ESS:"
   beta[1]    beta[2]    beta[3]    beta[4]    beta[5]    beta[6]     sig[1] 
  8882.821  59006.553  16576.648   7273.388   2421.848   2454.569 179437.740 
    sig[2]      tau_y 
 84248.150 179408.923 
[1] "Gelman Diagnostic:"
Potential scale reduction factors:

        Point est. Upper C.I.
beta[1]          1       1.00
beta[2]          1       1.00
beta[3]          1       1.00
beta[4]          1       1.00
beta[5]          1       1.01
beta[6]          1       1.01
sig[1]           1       1.00
sig[2]           1       1.00
tau_y            1       1.00

Multivariate psrf

1
[1] "Computing DIC ... ( thin = 1 )"
Mean deviance:  384.7 
penalty 48.92 
Penalized deviance: 433.7 
[1] "Computing WAIC / Pw ..."
[1] "448.241023486834 60.2301110715892"
[1] "[FINISH] 2020-04-26 15:05:56"
