running
  '/usr/lib/R/bin/R --slave --no-restore --no-save --no-restore --file=pipeline.R --args main_spatial'

[1] "Fri Apr 24 12:34:24 AM 2020"
[1] "[START] 2020-04-24 00:34:24"
Loading required package: coda
Linked to JAGS 4.3.0
Loaded modules: basemod,bugs
[1] "model name: main_spatial"
[1] "config file: ./models/main_spatial.R"
[1] "util.R loaded successfully."
[1] "Lag (in days): 14"
[1] 2091   40
[1] "Dropped 287 rows for states with <10 total deaths."
[1] 1804   40
[1] "States: 44"
 [1] "alabama"              "arizona"              "arkansas"            
 [4] "california"           "colorado"             "connecticut"         
 [7] "delaware"             "district of columbia" "florida"             
[10] "georgia"              "idaho"                "illinois"            
[13] "indiana"              "iowa"                 "kansas"              
[16] "kentucky"             "louisiana"            "maine"               
[19] "maryland"             "massachusetts"        "michigan"            
[22] "minnesota"            "mississippi"          "missouri"            
[25] "nebraska"             "nevada"               "new hampshire"       
[28] "new jersey"           "new mexico"           "new york"            
[31] "north carolina"       "ohio"                 "oklahoma"            
[34] "oregon"               "pennsylvania"         "rhode island"        
[37] "south carolina"       "tennessee"            "texas"               
[40] "utah"                 "vermont"              "virginia"            
[43] "washington"           "wisconsin"           
[1] "Dropping rows with dates after 2020-03-27"
[1] "Dropped 616 rows."
[1] "Final dataframe is: 1188" "Final dataframe is: 16"  
      Date            FutureDeathsPer100k DaysSince10Deaths  StateName        
 Min.   :2020-03-01   Min.   :-0.27751    -12    : 43       Length:1188       
 1st Qu.:2020-03-07   1st Qu.: 0.00000    -13    : 43       Class :character  
 Median :2020-03-14   Median : 0.03493    -14    : 43       Mode  :character  
 Mean   :2020-03-14   Mean   : 0.16454    -15    : 43                         
 3rd Qu.:2020-03-21   3rd Qu.: 0.14052    -16    : 43                         
 Max.   :2020-03-27   Max.   : 4.10998    -11    : 42                         
                                          (Other):931                         
    StateID        PopDensity         MedianAge       StayAtHome    
 Min.   : 1.00   Min.   :   17.29   Min.   :30.70   Min.   :-41.00  
 1st Qu.:11.75   1st Qu.:   58.22   1st Qu.:37.05   1st Qu.:-22.00  
 Median :22.50   Median :  115.64   Median :38.30   Median :-15.00  
 Mean   :22.50   Mean   :  492.69   Mean   :38.31   Mean   :-14.95  
 3rd Qu.:33.25   3rd Qu.:  263.92   3rd Qu.:39.33   3rd Qu.: -7.00  
 Max.   :44.00   Max.   :11814.54   Max.   :44.60   Max.   :  8.00  
                                                                    
   BizClosure     SchoolClosure     RetailAndRecPctChg GroceryPharmacyPctChg
 Min.   :-41.00   Min.   :-31.000   Min.   :-63.00     Min.   :-37.000      
 1st Qu.:-18.00   1st Qu.: -9.000   1st Qu.:-33.00     1st Qu.: -1.000      
 Median :-11.00   Median : -2.500   Median : -4.00     Median :  7.000      
 Mean   :-11.55   Mean   : -2.568   Mean   :-11.12     Mean   :  5.341      
 3rd Qu.: -4.00   3rd Qu.:  5.000   3rd Qu.:  8.00     3rd Qu.: 13.000      
 Max.   :  8.00   Max.   : 16.000   Max.   : 24.00     Max.   : 48.000      
                                                                            
  ParksPctChg     TransitPctChg    WorkplacesPctChg ResidentialPctChg
 Min.   :-68.00   Min.   :-75.00   Min.   :-67.00   Min.   :-5.000   
 1st Qu.: -1.00   1st Qu.:-29.00   1st Qu.:-32.00   1st Qu.: 0.000   
 Median : 20.00   Median : -6.00   Median : -6.00   Median : 3.000   
 Mean   : 22.47   Mean   :-13.16   Mean   :-15.31   Mean   : 6.557   
 3rd Qu.: 42.00   3rd Qu.:  4.00   3rd Qu.:  2.00   3rd Qu.:13.000   
 Max.   :187.00   Max.   : 32.00   Max.   : 18.00   Max.   :28.000   
                                                                     
Loading required package: methods
Loading required package: sp
Loading required package: spData
Loading required package: sf
Linking to GEOS 3.6.2, GDAL 2.2.3, PROJ 4.9.3
Checking rgeos availability: TRUE
[1] "description: Main Model: All Predictors; Spatial"
[1] "model_string: 3"
[1] "thin: 5"
[1] "burnin: 1e+05"
[1] "n.iter: 5e+05"
[1] "params: beta"  "params: sig"   "params: tau_y"
[1] "Instantiating model..."
[1] "Burn-in for 1e+05 iterations..."
[1] "Burn-in complete"
[1] "Sampling for 5e+05 iterations..."
[1] "/home/h4x/git/covid19-project"
[1] "Saving model, samples to: ./out/main_spatial.RData"
[1] "RData file saved."

Iterations = 501005:1001000
Thinning interval = 5 
Number of chains = 2 
Sample size per chain = 1e+05 

1. Empirical mean and standard deviation for each variable,
   plus standard error of the mean:

               Mean        SD  Naive SE Time-series SE
beta[1]   1.000e+00 1.439e-03 3.218e-06      3.810e-06
beta[2]   3.598e-08 3.088e-05 6.904e-08      9.418e-08
beta[3]   1.793e-07 4.404e-06 9.848e-09      1.292e-07
beta[4]  -3.422e-05 4.334e-04 9.691e-07      2.657e-05
beta[5]  -8.613e-05 8.348e-04 1.867e-06      4.581e-05
beta[6]   2.124e-05 1.569e-03 3.508e-06      1.369e-04
beta[7]   6.318e-05 1.519e-03 3.396e-06      1.233e-04
beta[8]  -6.993e-07 7.934e-05 1.774e-07      5.093e-07
beta[9]   5.366e-07 4.978e-05 1.113e-07      2.478e-07
beta[10]  1.667e-07 1.547e-05 3.459e-08      8.279e-08
beta[11] -1.562e-07 7.750e-05 1.733e-07      4.676e-07
beta[12]  1.015e-06 1.362e-04 3.045e-07      1.528e-06
beta[13]  2.747e-06 3.202e-04 7.159e-07      3.580e-06
sig[1]    1.328e-02 2.789e-04 6.237e-07      6.309e-07
sig[2]    7.229e-02 8.331e-03 1.863e-05      6.758e-05
tau_y     5.678e+03 2.383e+02 5.329e-01      5.391e-01

2. Quantiles for each variable:

               2.5%         5%        50%       95%     97.5%
beta[1]   9.972e-01  9.976e-01  1.000e+00 1.002e+00 1.003e+00
beta[2]  -6.060e-05 -5.080e-05  2.881e-08 5.079e-05 6.056e-05
beta[3]  -8.337e-06 -7.033e-06  1.273e-07 7.417e-06 8.773e-06
beta[4]  -8.653e-04 -7.368e-04 -4.530e-05 7.045e-04 8.550e-04
beta[5]  -1.706e-03 -1.442e-03 -1.035e-04 1.333e-03 1.618e-03
beta[6]  -2.973e-03 -2.569e-03 -2.146e-05 2.682e-03 3.177e-03
beta[7]  -3.078e-03 -2.536e-03  1.146e-04 2.539e-03 2.919e-03
beta[8]  -1.565e-04 -1.310e-04 -7.425e-07 1.296e-04 1.547e-04
beta[9]  -9.700e-05 -8.131e-05  7.481e-07 8.240e-05 9.833e-05
beta[10] -3.019e-05 -2.535e-05  2.265e-07 2.568e-05 3.046e-05
beta[11] -1.516e-04 -1.273e-04 -2.432e-07 1.277e-04 1.531e-04
beta[12] -2.653e-04 -2.219e-04 -5.247e-08 2.262e-04 2.700e-04
beta[13] -6.227e-04 -5.235e-04  9.340e-07 5.291e-04 6.298e-04
sig[1]    1.275e-02  1.283e-02  1.328e-02 1.375e-02 1.384e-02
sig[2]    5.815e-02  6.005e-02  7.155e-02 8.713e-02 9.077e-02
tau_y     5.222e+03  5.293e+03  5.674e+03 6.075e+03 6.153e+03

[1] "ESS:"
    beta[1]     beta[2]     beta[3]     beta[4]     beta[5]     beta[6] 
142666.2496 107478.4557   1163.2061    269.8586    333.5661    136.9177 
    beta[7]     beta[8]     beta[9]    beta[10]    beta[11]    beta[12] 
   158.6325  24276.1733  40360.9006  34969.6413  27481.0489   7951.3584 
   beta[13]      sig[1]      sig[2]       tau_y 
  8013.5128 195435.7610  15415.2996 195447.3577 
[1] "Gelman Diagnostic:"
Potential scale reduction factors:

         Point est. Upper C.I.
beta[1]        1.00       1.00
beta[2]        1.00       1.00
beta[3]        1.00       1.01
beta[4]        1.01       1.01
beta[5]        1.00       1.00
beta[6]        1.01       1.02
beta[7]        1.01       1.02
beta[8]        1.00       1.00
beta[9]        1.00       1.00
beta[10]       1.00       1.00
beta[11]       1.00       1.00
beta[12]       1.00       1.00
beta[13]       1.00       1.00
sig[1]         1.00       1.00
sig[2]         1.00       1.00
tau_y          1.00       1.00

Multivariate psrf

1
[1] "Computing DIC ... ( thin = 5 )"
Mean deviance:  -8032 
penalty 53.82 
Penalized deviance: -7978 
[1] "Computing WAIC / Pw ..."
Error in jags.samples(model, variable.names, n.iter, thin, type = "trace",  : 
  No valid monitors set
Calls: evalmodel -> waic -> coda.samples -> jags.samples
In addition: Warning message:
In FUN(X[[i]], ...) : Failed to set trace monitor for like
Variable like not found

Execution halted
