running
  '/usr/lib/R/bin/R --slave --no-restore --no-save --no-restore --file=pipeline.R --args main_spatial_only_mobility_100k'

[1] "Sun Apr 26 15:56:09 2020"
[1] "[START] 2020-04-26 15:56:09"
Loading required package: coda
Linked to JAGS 4.3.0
Loaded modules: basemod,bugs
[1] "model name: main_spatial_only_mobility_100k"
[1] "config file: ./models/main_spatial_only_mobility_100k.R"
[1] "util.R loaded successfully."
[1] "Lag (in days): 14"
[1] 2091   40
[1] "Dropped 287 rows for states with <10 total deaths."
[1] 1804   40
[1] "States: 44"
 [1] "alabama"              "arizona"              "arkansas"            
 [4] "california"           "colorado"             "connecticut"         
 [7] "delaware"             "district of columbia" "florida"             
[10] "georgia"              "idaho"                "illinois"            
[13] "indiana"              "iowa"                 "kansas"              
[16] "kentucky"             "louisiana"            "maine"               
[19] "maryland"             "massachusetts"        "michigan"            
[22] "minnesota"            "mississippi"          "missouri"            
[25] "nebraska"             "nevada"               "new hampshire"       
[28] "new jersey"           "new mexico"           "new york"            
[31] "north carolina"       "ohio"                 "oklahoma"            
[34] "oregon"               "pennsylvania"         "rhode island"        
[37] "south carolina"       "tennessee"            "texas"               
[40] "utah"                 "vermont"              "virginia"            
[43] "washington"           "wisconsin"           
[1] "Dropping rows with dates after 2020-03-27"
[1] "Dropped 616 rows."
[1] "Final dataframe is: 1188" "Final dataframe is: 16"  
      Date            FutureDeathsPer100k DaysSince10Deaths  StateName        
 Min.   :2020-03-01   Min.   :-0.27751    -12    : 43       Length:1188       
 1st Qu.:2020-03-07   1st Qu.: 0.00000    -13    : 43       Class :character  
 Median :2020-03-14   Median : 0.03493    -14    : 43       Mode  :character  
 Mean   :2020-03-14   Mean   : 0.16454    -15    : 43                         
 3rd Qu.:2020-03-21   3rd Qu.: 0.14052    -16    : 43                         
 Max.   :2020-03-27   Max.   : 4.10998    -11    : 42                         
                                          (Other):931                         
    StateID        PopDensity         MedianAge       StayAtHome    
 Min.   : 1.00   Min.   :   17.29   Min.   :30.70   Min.   :-41.00  
 1st Qu.:11.75   1st Qu.:   58.22   1st Qu.:37.05   1st Qu.:-22.00  
 Median :22.50   Median :  115.64   Median :38.30   Median :-15.00  
 Mean   :22.50   Mean   :  492.69   Mean   :38.31   Mean   :-14.95  
 3rd Qu.:33.25   3rd Qu.:  263.92   3rd Qu.:39.33   3rd Qu.: -7.00  
 Max.   :44.00   Max.   :11814.54   Max.   :44.60   Max.   :  8.00  
                                                                    
   BizClosure     SchoolClosure     RetailAndRecPctChg GroceryPharmacyPctChg
 Min.   :-41.00   Min.   :-31.000   Min.   :-63.00     Min.   :-37.000      
 1st Qu.:-18.00   1st Qu.: -9.000   1st Qu.:-33.00     1st Qu.: -1.000      
 Median :-11.00   Median : -2.500   Median : -4.00     Median :  7.000      
 Mean   :-11.55   Mean   : -2.568   Mean   :-11.12     Mean   :  5.341      
 3rd Qu.: -4.00   3rd Qu.:  5.000   3rd Qu.:  8.00     3rd Qu.: 13.000      
 Max.   :  8.00   Max.   : 16.000   Max.   : 24.00     Max.   : 48.000      
                                                                            
  ParksPctChg     TransitPctChg    WorkplacesPctChg ResidentialPctChg
 Min.   :-68.00   Min.   :-75.00   Min.   :-67.00   Min.   :-5.000   
 1st Qu.: -1.00   1st Qu.:-29.00   1st Qu.:-32.00   1st Qu.: 0.000   
 Median : 20.00   Median : -6.00   Median : -6.00   Median : 3.000   
 Mean   : 22.47   Mean   :-13.16   Mean   :-15.31   Mean   : 6.557   
 3rd Qu.: 42.00   3rd Qu.:  4.00   3rd Qu.:  2.00   3rd Qu.:13.000   
 Max.   :187.00   Max.   : 32.00   Max.   : 18.00   Max.   :28.000   
                                                                     
Loading required package: methods
Loading required package: sp
Loading required package: spData
To access larger datasets in this package, install the spDataLarge
package with: `install.packages('spDataLarge',
repos='https://nowosad.github.io/drat/', type='source')`
Loading required package: sf
Linking to GEOS 3.6.2, GDAL 2.2.3, PROJ 4.9.3
Checking rgeos availability: TRUE
  RetailAndRecPctChg GroceryPharmacyPctChg ParksPctChg TransitPctChg
1                 16                    10          53            21
2                  8                     4          -2             5
3                 20                    15          33             5
4                  7                     0          -8             2
5                  7                     6           0             4
6                  9                     4          29            10
  WorkplacesPctChg ResidentialPctChg
1                4                -2
2                2                 0
3                2                -1
4                0                 1
5                2                 1
6                2                -1
[1] "description: Only mobility indicators"
[1] "model_string: 3"
[1] "thin: 1"
[1] "burnin: 50000"
[1] "n.iter: 1e+05"
[1] "params: beta"  "params: sig"   "params: tau_y" "params: rho"  
[1] "Instantiating model..."
Compiling model graph
   Resolving undeclared variables
   Allocating nodes
Graph information:
   Observed stochastic nodes: 1188
   Unobserved stochastic nodes: 10
   Total graph size: 18665

Initializing model

[1] "Burn-in for 50000 iterations..."
[1] "Burn-in complete"
[1] "Sampling for 1e+05 iterations..."
[1] "/home/ubuntu/covid19-project"
[1] "Saving model, samples to: ./out/main_spatial_only_mobility_100k.RData"
[1] "RData file saved."

Iterations = 101001:201000
Thinning interval = 1 
Number of chains = 2 
Sample size per chain = 1e+05 

1. Empirical mean and standard deviation for each variable,
   plus standard error of the mean:

            Mean       SD  Naive SE Time-series SE
beta[1]  0.07917 0.031338 7.007e-05      3.215e-04
beta[2] -0.02763 0.012062 2.697e-05      5.017e-05
beta[3]  0.03098 0.010755 2.405e-05      8.181e-05
beta[4] -0.15784 0.034753 7.771e-05      4.050e-04
beta[5]  0.13524 0.054920 1.228e-04      1.100e-03
beta[6]  0.23989 0.054233 1.213e-04      1.053e-03
rho      0.60781 0.125366 2.803e-04      5.136e-04
sig[1]   0.28484 0.005963 1.333e-05      1.403e-05
sig[2]   0.51055 0.061256 1.370e-04      2.083e-04
tau_y   12.34157 0.516350 1.155e-03      1.214e-03

2. Quantiles for each variable:

             2.5%       5%      50%      95%     97.5%
beta[1]  0.017682  0.02762  0.07911  0.13070  0.140314
beta[2] -0.051279 -0.04743 -0.02765 -0.00774 -0.003964
beta[3]  0.009854  0.01330  0.03098  0.04867  0.052024
beta[4] -0.225812 -0.21488 -0.15788 -0.10056 -0.089685
beta[5]  0.026947  0.04450  0.13553  0.22542  0.242917
beta[6]  0.132932  0.15047  0.23998  0.32839  0.345456
rho      0.283274  0.35678  0.63921  0.74899  0.756526
sig[1]   0.273410  0.27521  0.28474  0.29481  0.296806
sig[2]   0.405826  0.41984  0.50532  0.61947  0.645350
tau_y   11.351545 11.50578 12.33427 13.20333 13.377345

[1] "ESS:"
   beta[1]    beta[2]    beta[3]    beta[4]    beta[5]    beta[6]        rho 
  9501.629  57833.595  17393.228   7366.834   2495.993   2659.032  59601.666 
    sig[1]     sig[2]      tau_y 
180753.733  86500.149 180833.323 
[1] "Gelman Diagnostic:"
Potential scale reduction factors:

        Point est. Upper C.I.
beta[1]          1          1
beta[2]          1          1
beta[3]          1          1
beta[4]          1          1
beta[5]          1          1
beta[6]          1          1
rho              1          1
sig[1]           1          1
sig[2]           1          1
tau_y            1          1

Multivariate psrf

1
[1] "Computing DIC ... ( thin = 1 )"
Mean deviance:  384.7 
penalty 48.91 
Penalized deviance: 433.6 
[1] "Computing WAIC / Pw ..."
[1] "447.570710547277 59.9318580298701"
[1] "[FINISH] 2020-04-26 17:07:50"
